2025-06-11 19:07:58,613 - INFO - 
==================================================
2025-06-11 19:07:58,613 - INFO - --- 🧠 АСУП ИИ: Технический Анализатор v2.3 (Полный пересчет) 🧠 ---
2025-06-11 19:07:58,613 - INFO - ==================================================
2025-06-11 19:08:05,282 - INFO - 🔄 Читаю конфиги и ВСЮ историю для полного пересчета...
2025-06-11 19:08:08,268 - INFO - ☑️ Найдено 55 уникальных пар (тикер/таймфрейм) для анализа.
2025-06-11 19:08:08,268 - INFO -   - Анализирую BZ=F на D1...
2025-06-11 19:08:08,284 - INFO -     - ✅ Анализ завершен. Состояние: Neutral, RSI: 52,58
2025-06-11 19:08:08,284 - INFO -   - Анализирую GC=F на D1...
2025-06-11 19:08:08,297 - INFO -     - ✅ Анализ завершен. Состояние: Neutral, RSI: 52,23
2025-06-11 19:08:08,297 - INFO -   - Анализирую ^GSPC на D1...
2025-06-11 19:08:08,314 - INFO -     - ✅ Анализ завершен. Состояние: Oversold, RSI: 20,76
2025-06-11 19:08:08,314 - INFO -   - Анализирую ^IXIC на D1...
2025-06-11 19:08:08,329 - INFO -     - ✅ Анализ завершен. Состояние: Neutral, RSI: 57,9
2025-06-11 19:08:08,329 - INFO -   - Анализирую ^FTSE на D1...
2025-06-11 19:08:08,344 - INFO -     - ✅ Анализ завершен. Состояние: Neutral, RSI: 45,69
2025-06-11 19:08:08,344 - INFO -   - Анализирую ^N225 на D1...
2025-06-11 19:08:08,363 - INFO -     - ✅ Анализ завершен. Состояние: Neutral, RSI: 58,3
2025-06-11 19:08:08,363 - INFO -   - Анализирую BTC-USD на D1...
2025-06-11 19:08:08,379 - INFO -     - ✅ Анализ завершен. Состояние: Neutral, RSI: 45,3
2025-06-11 19:08:08,379 - INFO -   - Анализирую ETH-USD на D1...
2025-06-11 19:08:08,395 - INFO -     - ✅ Анализ завершен. Состояние: Neutral, RSI: 54,34
2025-06-11 19:08:08,395 - INFO -   - Анализирую MSFT на D1...
2025-06-11 19:08:08,411 - INFO -     - ✅ Анализ завершен. Состояние: Neutral, RSI: 53,0
2025-06-11 19:08:08,411 - INFO -   - Анализирую GOOGL на D1...
2025-06-11 19:08:08,429 - INFO -     - ✅ Анализ завершен. Состояние: Neutral, RSI: 53,29
2025-06-11 19:08:08,429 - INFO -   - Анализирую AAPL на D1...
2025-06-11 19:08:08,443 - INFO -     - ✅ Анализ завершен. Состояние: Neutral, RSI: 51,54
2025-06-11 19:08:08,443 - INFO -   - Анализирую NVDA на D1...
2025-06-11 19:08:08,459 - INFO -     - ✅ Анализ завершен. Состояние: Neutral, RSI: 50,29
2025-06-11 19:08:08,459 - INFO -   - Анализирую GAZP на D1...
2025-06-11 19:08:08,474 - INFO -     - ✅ Анализ завершен. Состояние: Neutral, RSI: 51,15
2025-06-11 19:08:08,475 - INFO -   - Анализирую ROSN на D1...
2025-06-11 19:08:08,488 - INFO -     - ✅ Анализ завершен. Состояние: Neutral, RSI: 45,65
2025-06-11 19:08:08,488 - INFO -   - Анализирую SIBN на D1...
2025-06-11 19:08:08,504 - INFO -     - ✅ Анализ завершен. Состояние: Neutral, RSI: 53,87
2025-06-11 19:08:08,505 - INFO -   - Анализирую NVTK на D1...
2025-06-11 19:08:08,518 - INFO -     - ✅ Анализ завершен. Состояние: Neutral, RSI: 44,28
2025-06-11 19:08:08,519 - INFO -   - Анализирую SNGS на D1...
2025-06-11 19:08:08,532 - INFO -     - ✅ Анализ завершен. Состояние: Neutral, RSI: 46,42
2025-06-11 19:08:08,533 - INFO -   - Анализирую SNGSP на D1...
2025-06-11 19:08:08,547 - INFO -     - ✅ Анализ завершен. Состояние: Neutral, RSI: 54,47
2025-06-11 19:08:08,548 - INFO -   - Анализирую TATN на D1...
2025-06-11 19:08:08,563 - INFO -     - ✅ Анализ завершен. Состояние: Neutral, RSI: 50,49
2025-06-11 19:08:08,563 - INFO -   - Анализирую TRNFP на D1...
2025-06-11 19:08:08,577 - INFO -     - ✅ Анализ завершен. Состояние: Neutral, RSI: 46,36
2025-06-11 19:08:08,577 - INFO -   - Анализирую AFLT на D1...
2025-06-11 19:08:08,592 - INFO -     - ✅ Анализ завершен. Состояние: Neutral, RSI: 51,83
2025-06-11 19:08:08,592 - INFO -   - Анализирую GLTR на D1...
2025-06-11 19:08:08,607 - INFO -     - ✅ Анализ завершен. Состояние: Neutral, RSI: 54,49
2025-06-11 19:08:08,607 - INFO -   - Анализирую SBER на D1...
2025-06-11 19:08:08,621 - INFO -     - ✅ Анализ завершен. Состояние: Neutral, RSI: 52,39
2025-06-11 19:08:08,621 - INFO -   - Анализирую SBERP на D1...
2025-06-11 19:08:08,637 - INFO -     - ✅ Анализ завершен. Состояние: Neutral, RSI: 52,21
2025-06-11 19:08:08,637 - INFO -   - Анализирую TCSG на D1...
2025-06-11 19:08:08,652 - INFO -     - ✅ Анализ завершен. Состояние: Neutral, RSI: 46,93
2025-06-11 19:08:08,652 - INFO -   - Анализирую MOEX на D1...
2025-06-11 19:08:08,666 - INFO -     - ✅ Анализ завершен. Состояние: Neutral, RSI: 53,87
2025-06-11 19:08:08,666 - INFO -   - Анализирую AFKS на D1...
2025-06-11 19:08:08,682 - INFO -     - ✅ Анализ завершен. Состояние: Neutral, RSI: 53,26
2025-06-11 19:08:08,682 - INFO -   - Анализирую YNDX на D1...
2025-06-11 19:08:08,697 - INFO -     - ✅ Анализ завершен. Состояние: Neutral, RSI: 41,56
2025-06-11 19:08:08,697 - INFO -   - Анализирую MTSS на D1...
2025-06-11 19:08:08,712 - INFO -     - ✅ Анализ завершен. Состояние: Neutral, RSI: 46,53
2025-06-11 19:08:08,712 - INFO -   - Анализирую MGNT на D1...
2025-06-11 19:08:08,729 - INFO -     - ✅ Анализ завершен. Состояние: Neutral, RSI: 57,55
2025-06-11 19:08:08,729 - INFO -   - Анализирую FIVE на D1...
2025-06-11 19:08:08,744 - INFO -     - ✅ Анализ завершен. Состояние: Neutral, RSI: 47,3
2025-06-11 19:08:08,744 - INFO -   - Анализирую GMKN на D1...
2025-06-11 19:08:08,757 - INFO -     - ✅ Анализ завершен. Состояние: Neutral, RSI: 40,65
2025-06-11 19:08:08,757 - INFO -   - Анализирую PLZL на D1...
2025-06-11 19:08:08,774 - INFO -     - ✅ Анализ завершен. Состояние: Neutral, RSI: 47,55
2025-06-11 19:08:08,774 - INFO -   - Анализирую CHMF на D1...
2025-06-11 19:08:08,790 - INFO -     - ✅ Анализ завершен. Состояние: Neutral, RSI: 53,77
2025-06-11 19:08:08,790 - INFO -   - Анализирую PHOR на D1...
2025-06-11 19:08:08,807 - INFO -     - ✅ Анализ завершен. Состояние: Proximity, RSI: 37,21
2025-06-11 19:08:08,807 - INFO -   - Анализирую USD/RUB на D1...
2025-06-11 19:08:08,826 - INFO -     - ✅ Анализ завершен. Состояние: Neutral, RSI: 51,48
2025-06-11 19:08:08,826 - INFO -   - Анализирую CNY/RUB на D1...
2025-06-11 19:08:08,841 - INFO -     - ✅ Анализ завершен. Состояние: Neutral, RSI: 51,53
2025-06-11 19:08:08,842 - INFO -   - Анализирую EUR/RUB на D1...
2025-06-11 19:08:08,856 - INFO -     - ✅ Анализ завершен. Состояние: Neutral, RSI: 51,8
2025-06-11 19:08:08,856 - INFO -   - Анализирую USD000UTSTOM на D1...
2025-06-11 19:08:08,872 - INFO -     - ✅ Анализ завершен. Состояние: Neutral, RSI: 47,13
2025-06-11 19:08:08,872 - INFO -   - Анализирую EUR_RUB__TOM на D1...
2025-06-11 19:08:08,909 - INFO -     - ✅ Анализ завершен. Состояние: Neutral, RSI: 53,25
2025-06-11 19:08:08,909 - INFO -   - Анализирую SNGSP на H1...
2025-06-11 19:08:08,929 - INFO -     - ✅ Анализ завершен. Состояние: Neutral, RSI: 48,05
2025-06-11 19:08:08,929 - INFO -   - Анализирую AFKS на H1...
2025-06-11 19:08:08,944 - INFO -     - ✅ Анализ завершен. Состояние: Neutral, RSI: 51,7
2025-06-11 19:08:08,944 - INFO -   - Анализирую TCSG на H1...
2025-06-11 19:08:08,960 - INFO -     - ✅ Анализ завершен. Состояние: Neutral, RSI: 46,97
2025-06-11 19:08:08,960 - INFO -   - Анализирую SBER на H1...
2025-06-11 19:08:08,974 - INFO -     - ✅ Анализ завершен. Состояние: Neutral, RSI: 53,06
2025-06-11 19:08:08,975 - INFO -   - Анализирую GAZP на H1...
2025-06-11 19:08:08,989 - INFO -     - ✅ Анализ завершен. Состояние: Neutral, RSI: 52,23
2025-06-11 19:08:08,989 - INFO -   - Анализирую YNDX на H1...
2025-06-11 19:08:09,005 - INFO -     - ✅ Анализ завершен. Состояние: Neutral, RSI: 52,43
2025-06-11 19:08:09,006 - INFO -   - Анализирую NVTK на H1...
2025-06-11 19:08:09,021 - INFO -     - ✅ Анализ завершен. Состояние: Neutral, RSI: 45,43
2025-06-11 19:08:09,021 - INFO -   - Анализирую PLZL на H1...
2025-06-11 19:08:09,035 - INFO -     - ✅ Анализ завершен. Состояние: Neutral, RSI: 46,23
2025-06-11 19:08:09,036 - INFO -   - Анализирую SIBN на H1...
2025-06-11 19:08:09,053 - INFO -     - ✅ Анализ завершен. Состояние: Neutral, RSI: 48,03
2025-06-11 19:08:09,053 - INFO -   - Анализирую ROSN на H1...
2025-06-11 19:08:09,068 - INFO -     - ✅ Анализ завершен. Состояние: Neutral, RSI: 46,72
2025-06-11 19:08:09,068 - INFO -   - Анализирую FIVE на H1...
2025-06-11 19:08:09,083 - INFO -     - ✅ Анализ завершен. Состояние: Neutral, RSI: 54,75
2025-06-11 19:08:09,083 - INFO -   - Анализирую MTSS на H1...
2025-06-11 19:08:09,100 - INFO -     - ✅ Анализ завершен. Состояние: Neutral, RSI: 47,0
2025-06-11 19:08:09,100 - INFO -   - Анализирую GMKN на H1...
2025-06-11 19:08:09,115 - INFO -     - ✅ Анализ завершен. Состояние: Neutral, RSI: 72,4
2025-06-11 19:08:09,115 - INFO -   - Анализирую TRNFP на H1...
2025-06-11 19:08:09,129 - INFO -     - ✅ Анализ завершен. Состояние: Neutral, RSI: 51,0
2025-06-11 19:08:09,129 - INFO -   - Анализирую PHOR на H1...
2025-06-11 19:08:09,146 - INFO -     - ✅ Анализ завершен. Состояние: Neutral, RSI: 43,11
2025-06-11 19:08:09,146 - INFO - 
🔄 Перезаписываю лист 'Analysis' 55 строками...
2025-06-11 19:08:09,892 - INFO - ✅✅✅ УСПЕХ! Лист 'Analysis' полностью пересобран и обновлен.
2025-06-11 19:08:09,894 - INFO - --- 🏁 РАБОТА АНАЛИЗАТОРА ЗАВЕРШЕНА 🏁 ---
2025-06-11 19:19:27,023 - INFO - 
==================================================
2025-06-11 19:19:27,025 - INFO - --- 🧠 АСУП ИИ: Технический Анализатор v2.5 (Полный пересчет) 🧠 ---
2025-06-11 19:19:27,026 - INFO - ==================================================
2025-06-11 19:19:31,379 - INFO - 🔄 Читаю конфиги и ВСЮ историю для полного пересчета...
2025-06-11 19:19:34,167 - INFO - ☑️ Найдено 55 уникальных пар (тикер/таймфрейм) для анализа.
2025-06-11 19:19:34,167 - INFO -   - Анализирую BZ=F на D1...
2025-06-11 19:19:34,203 - INFO -     - ✅ Анализ завершен. Состояние: Neutral, RSI: 52,58
2025-06-11 19:19:34,203 - INFO -   - Анализирую GC=F на D1...
2025-06-11 19:19:34,232 - INFO -     - ✅ Анализ завершен. Состояние: Neutral, RSI: 52,23
2025-06-11 19:19:34,232 - INFO -   - Анализирую ^GSPC на D1...
2025-06-11 19:19:34,251 - INFO -     - ✅ Анализ завершен. Состояние: Oversold, RSI: 20,76
2025-06-11 19:19:34,252 - INFO -   - Анализирую ^IXIC на D1...
2025-06-11 19:19:34,272 - INFO -     - ✅ Анализ завершен. Состояние: Neutral, RSI: 57,9
2025-06-11 19:19:34,272 - INFO -   - Анализирую ^FTSE на D1...
2025-06-11 19:19:34,291 - INFO -     - ✅ Анализ завершен. Состояние: Neutral, RSI: 45,69
2025-06-11 19:19:34,291 - INFO -   - Анализирую ^N225 на D1...
2025-06-11 19:19:34,313 - INFO -     - ✅ Анализ завершен. Состояние: Neutral, RSI: 58,3
2025-06-11 19:19:34,313 - INFO -   - Анализирую BTC-USD на D1...
2025-06-11 19:19:34,333 - INFO -     - ✅ Анализ завершен. Состояние: Neutral, RSI: 45,3
2025-06-11 19:19:34,333 - INFO -   - Анализирую ETH-USD на D1...
2025-06-11 19:19:34,353 - INFO -     - ✅ Анализ завершен. Состояние: Neutral, RSI: 54,34
2025-06-11 19:19:34,353 - INFO -   - Анализирую MSFT на D1...
2025-06-11 19:19:34,376 - INFO -     - ✅ Анализ завершен. Состояние: Neutral, RSI: 53,0
2025-06-11 19:19:34,376 - INFO -   - Анализирую GOOGL на D1...
2025-06-11 19:19:34,394 - INFO -     - ✅ Анализ завершен. Состояние: Neutral, RSI: 53,29
2025-06-11 19:19:34,394 - INFO -   - Анализирую AAPL на D1...
2025-06-11 19:19:34,414 - INFO -     - ✅ Анализ завершен. Состояние: Neutral, RSI: 51,54
2025-06-11 19:19:34,415 - INFO -   - Анализирую NVDA на D1...
2025-06-11 19:19:34,431 - INFO -     - ✅ Анализ завершен. Состояние: Neutral, RSI: 50,29
2025-06-11 19:19:34,431 - INFO -   - Анализирую GAZP на D1...
2025-06-11 19:19:34,451 - INFO -     - ✅ Анализ завершен. Состояние: Neutral, RSI: 51,15
2025-06-11 19:19:34,451 - INFO -   - Анализирую ROSN на D1...
2025-06-11 19:19:34,469 - INFO -     - ✅ Анализ завершен. Состояние: Neutral, RSI: 45,65
2025-06-11 19:19:34,469 - INFO -   - Анализирую SIBN на D1...
2025-06-11 19:19:34,485 - INFO -     - ✅ Анализ завершен. Состояние: Neutral, RSI: 53,87
2025-06-11 19:19:34,486 - INFO -   - Анализирую NVTK на D1...
2025-06-11 19:19:34,505 - INFO -     - ✅ Анализ завершен. Состояние: Neutral, RSI: 44,28
2025-06-11 19:19:34,505 - INFO -   - Анализирую SNGS на D1...
2025-06-11 19:19:34,522 - INFO -     - ✅ Анализ завершен. Состояние: Neutral, RSI: 46,42
2025-06-11 19:19:34,522 - INFO -   - Анализирую SNGSP на D1...
2025-06-11 19:19:34,541 - INFO -     - ✅ Анализ завершен. Состояние: Neutral, RSI: 54,47
2025-06-11 19:19:34,541 - INFO -   - Анализирую TATN на D1...
2025-06-11 19:19:34,560 - INFO -     - ✅ Анализ завершен. Состояние: Neutral, RSI: 50,49
2025-06-11 19:19:34,560 - INFO -   - Анализирую TRNFP на D1...
2025-06-11 19:19:34,576 - INFO -     - ✅ Анализ завершен. Состояние: Neutral, RSI: 46,36
2025-06-11 19:19:34,577 - INFO -   - Анализирую AFLT на D1...
2025-06-11 19:19:34,595 - INFO -     - ✅ Анализ завершен. Состояние: Neutral, RSI: 51,83
2025-06-11 19:19:34,595 - INFO -   - Анализирую GLTR на D1...
2025-06-11 19:19:34,612 - INFO -     - ✅ Анализ завершен. Состояние: Neutral, RSI: 54,49
2025-06-11 19:19:34,612 - INFO -   - Анализирую SBER на D1...
2025-06-11 19:19:34,628 - INFO -     - ✅ Анализ завершен. Состояние: Neutral, RSI: 52,39
2025-06-11 19:19:34,628 - INFO -   - Анализирую SBERP на D1...
2025-06-11 19:19:34,645 - INFO -     - ✅ Анализ завершен. Состояние: Neutral, RSI: 52,21
2025-06-11 19:19:34,645 - INFO -   - Анализирую TCSG на D1...
2025-06-11 19:19:34,661 - INFO -     - ✅ Анализ завершен. Состояние: Neutral, RSI: 46,93
2025-06-11 19:19:34,661 - INFO -   - Анализирую MOEX на D1...
2025-06-11 19:19:34,677 - INFO -     - ✅ Анализ завершен. Состояние: Neutral, RSI: 53,87
2025-06-11 19:19:34,677 - INFO -   - Анализирую AFKS на D1...
2025-06-11 19:19:34,695 - INFO -     - ✅ Анализ завершен. Состояние: Neutral, RSI: 53,26
2025-06-11 19:19:34,695 - INFO -   - Анализирую YNDX на D1...
2025-06-11 19:19:34,711 - INFO -     - ✅ Анализ завершен. Состояние: Neutral, RSI: 41,56
2025-06-11 19:19:34,711 - INFO -   - Анализирую MTSS на D1...
2025-06-11 19:19:34,728 - INFO -     - ✅ Анализ завершен. Состояние: Neutral, RSI: 46,53
2025-06-11 19:19:34,728 - INFO -   - Анализирую MGNT на D1...
2025-06-11 19:19:34,745 - INFO -     - ✅ Анализ завершен. Состояние: Neutral, RSI: 57,55
2025-06-11 19:19:34,745 - INFO -   - Анализирую FIVE на D1...
2025-06-11 19:19:34,761 - INFO -     - ✅ Анализ завершен. Состояние: Neutral, RSI: 47,3
2025-06-11 19:19:34,762 - INFO -   - Анализирую GMKN на D1...
2025-06-11 19:19:34,779 - INFO -     - ✅ Анализ завершен. Состояние: Neutral, RSI: 40,65
2025-06-11 19:19:34,779 - INFO -   - Анализирую PLZL на D1...
2025-06-11 19:19:34,796 - INFO -     - ✅ Анализ завершен. Состояние: Neutral, RSI: 47,55
2025-06-11 19:19:34,796 - INFO -   - Анализирую CHMF на D1...
2025-06-11 19:19:34,813 - INFO -     - ✅ Анализ завершен. Состояние: Neutral, RSI: 53,77
2025-06-11 19:19:34,814 - INFO -   - Анализирую PHOR на D1...
2025-06-11 19:19:34,829 - INFO -     - ✅ Анализ завершен. Состояние: Proximity, RSI: 37,21
2025-06-11 19:19:34,829 - INFO -   - Анализирую USD/RUB на D1...
2025-06-11 19:19:34,847 - INFO -     - ✅ Анализ завершен. Состояние: Neutral, RSI: 51,48
2025-06-11 19:19:34,847 - INFO -   - Анализирую CNY/RUB на D1...
2025-06-11 19:19:34,864 - INFO -     - ✅ Анализ завершен. Состояние: Neutral, RSI: 51,53
2025-06-11 19:19:34,864 - INFO -   - Анализирую EUR/RUB на D1...
2025-06-11 19:19:34,880 - INFO -     - ✅ Анализ завершен. Состояние: Neutral, RSI: 51,8
2025-06-11 19:19:34,880 - INFO -   - Анализирую USD000UTSTOM на D1...
2025-06-11 19:19:34,896 - INFO -     - ✅ Анализ завершен. Состояние: Neutral, RSI: 47,13
2025-06-11 19:19:34,897 - INFO -   - Анализирую EUR_RUB__TOM на D1...
2025-06-11 19:19:34,912 - INFO -     - ✅ Анализ завершен. Состояние: Neutral, RSI: 53,25
2025-06-11 19:19:34,912 - INFO -   - Анализирую SNGSP на H1...
2025-06-11 19:19:34,927 - INFO -     - ✅ Анализ завершен. Состояние: Neutral, RSI: 48,05
2025-06-11 19:19:34,927 - INFO -   - Анализирую AFKS на H1...
2025-06-11 19:19:34,945 - INFO -     - ✅ Анализ завершен. Состояние: Neutral, RSI: 51,7
2025-06-11 19:19:34,945 - INFO -   - Анализирую TCSG на H1...
2025-06-11 19:19:34,962 - INFO -     - ✅ Анализ завершен. Состояние: Neutral, RSI: 46,97
2025-06-11 19:19:34,962 - INFO -   - Анализирую SBER на H1...
2025-06-11 19:19:34,978 - INFO -     - ✅ Анализ завершен. Состояние: Neutral, RSI: 53,06
2025-06-11 19:19:34,978 - INFO -   - Анализирую GAZP на H1...
2025-06-11 19:19:34,996 - INFO -     - ✅ Анализ завершен. Состояние: Neutral, RSI: 52,23
2025-06-11 19:19:34,996 - INFO -   - Анализирую YNDX на H1...
2025-06-11 19:19:35,012 - INFO -     - ✅ Анализ завершен. Состояние: Neutral, RSI: 52,43
2025-06-11 19:19:35,013 - INFO -   - Анализирую NVTK на H1...
2025-06-11 19:19:35,029 - INFO -     - ✅ Анализ завершен. Состояние: Neutral, RSI: 45,43
2025-06-11 19:19:35,029 - INFO -   - Анализирую PLZL на H1...
2025-06-11 19:19:35,045 - INFO -     - ✅ Анализ завершен. Состояние: Neutral, RSI: 46,23
2025-06-11 19:19:35,046 - INFO -   - Анализирую SIBN на H1...
2025-06-11 19:19:35,062 - INFO -     - ✅ Анализ завершен. Состояние: Neutral, RSI: 48,03
2025-06-11 19:19:35,062 - INFO -   - Анализирую ROSN на H1...
2025-06-11 19:19:35,078 - INFO -     - ✅ Анализ завершен. Состояние: Neutral, RSI: 46,72
2025-06-11 19:19:35,078 - INFO -   - Анализирую FIVE на H1...
2025-06-11 19:19:35,095 - INFO -     - ✅ Анализ завершен. Состояние: Neutral, RSI: 54,75
2025-06-11 19:19:35,095 - INFO -   - Анализирую MTSS на H1...
2025-06-11 19:19:35,113 - INFO -     - ✅ Анализ завершен. Состояние: Neutral, RSI: 47,0
2025-06-11 19:19:35,113 - INFO -   - Анализирую GMKN на H1...
2025-06-11 19:19:35,129 - INFO -     - ✅ Анализ завершен. Состояние: Neutral, RSI: 72,4
2025-06-11 19:19:35,129 - INFO -   - Анализирую TRNFP на H1...
2025-06-11 19:19:35,146 - INFO -     - ✅ Анализ завершен. Состояние: Neutral, RSI: 51,0
2025-06-11 19:19:35,146 - INFO -   - Анализирую PHOR на H1...
2025-06-11 19:19:35,161 - INFO -     - ✅ Анализ завершен. Состояние: Neutral, RSI: 43,11
2025-06-11 19:19:35,161 - INFO - 
🔄 Перезаписываю лист 'Analysis' 55 строками...
2025-06-11 19:19:36,321 - INFO - ✅✅✅ УСПЕХ! Лист 'Analysis' полностью пересобран и обновлен.
2025-06-11 19:19:36,321 - INFO - --- 🏁 РАБОТА АНАЛИЗАТОРА ЗАВЕРШЕНА 🏁 ---
2025-06-11 19:53:13,159 - INFO - 
==================================================
2025-06-11 19:53:13,160 - INFO - --- 🧠 ASIPM-AI: Технический Анализатор v2.6 (Корректный) 🧠 ---
2025-06-11 19:53:13,160 - INFO - ==================================================
2025-06-11 19:53:17,510 - INFO - 🔄 Читаю конфиги и ВСЮ историю для полного пересчета...
2025-06-11 19:53:21,159 - INFO - ☑️ Найдено 55 уникальных пар (тикер/таймфрейм) для анализа.
2025-06-11 19:53:21,160 - INFO -   - Анализирую BZ=F на D1...
2025-06-11 19:53:21,195 - INFO -     - ✅ Анализ завершен. Состояние: Neutral, RSI: 52,38
2025-06-11 19:53:21,195 - INFO -   - Анализирую GC=F на D1...
2025-06-11 19:53:21,218 - INFO -     - ✅ Анализ завершен. Состояние: Proximity, RSI: 39,06
2025-06-11 19:53:21,218 - INFO -   - Анализирую ^GSPC на D1...
2025-06-11 19:53:21,238 - INFO -     - ✅ Анализ завершен. Состояние: Neutral, RSI: 52,41
2025-06-11 19:53:21,239 - INFO -   - Анализирую ^IXIC на D1...
2025-06-11 19:53:21,257 - INFO -     - ✅ Анализ завершен. Состояние: Neutral, RSI: 57,47
2025-06-11 19:53:21,257 - INFO -   - Анализирую ^FTSE на D1...
2025-06-11 19:53:21,277 - INFO -     - ✅ Анализ завершен. Состояние: Neutral, RSI: 52,57
2025-06-11 19:53:21,277 - INFO -   - Анализирую ^N225 на D1...
2025-06-11 19:53:21,296 - INFO -     - ✅ Анализ завершен. Состояние: Neutral, RSI: 58,30
2025-06-11 19:53:21,296 - INFO -   - Анализирую BTC-USD на D1...
2025-06-11 19:53:21,314 - INFO -     - ✅ Анализ завершен. Состояние: Neutral, RSI: 45,27
2025-06-11 19:53:21,314 - INFO -   - Анализирую ETH-USD на D1...
2025-06-11 19:53:21,330 - INFO -     - ✅ Анализ завершен. Состояние: Neutral, RSI: 54,25
2025-06-11 19:53:21,330 - INFO -   - Анализирую MSFT на D1...
2025-06-11 19:53:21,354 - INFO -     - ✅ Анализ завершен. Состояние: Neutral, RSI: 52,98
2025-06-11 19:53:21,354 - INFO -   - Анализирую GOOGL на D1...
2025-06-11 19:53:21,369 - INFO -     - ✅ Анализ завершен. Состояние: Neutral, RSI: 53,25
2025-06-11 19:53:21,369 - INFO -   - Анализирую AAPL на D1...
2025-06-11 19:53:21,385 - INFO -     - ✅ Анализ завершен. Состояние: Neutral, RSI: 51,23
2025-06-11 19:53:21,385 - INFO -   - Анализирую NVDA на D1...
2025-06-11 19:53:21,401 - INFO -     - ✅ Анализ завершен. Состояние: Neutral, RSI: 50,23
2025-06-11 19:53:21,401 - INFO -   - Анализирую GAZP на D1...
2025-06-11 19:53:21,417 - INFO -     - ✅ Анализ завершен. Состояние: Neutral, RSI: 52,43
2025-06-11 19:53:21,417 - INFO -   - Анализирую ROSN на D1...
2025-06-11 19:53:21,433 - INFO -     - ✅ Анализ завершен. Состояние: Neutral, RSI: 45,18
2025-06-11 19:53:21,433 - INFO -   - Анализирую SIBN на D1...
2025-06-11 19:53:21,448 - INFO -     - ✅ Анализ завершен. Состояние: Neutral, RSI: 47,79
2025-06-11 19:53:21,449 - INFO -   - Анализирую NVTK на D1...
2025-06-11 19:53:21,463 - INFO -     - ✅ Анализ завершен. Состояние: Neutral, RSI: 41,36
2025-06-11 19:53:21,463 - INFO -   - Анализирую SNGS на D1...
2025-06-11 19:53:21,478 - INFO -     - ✅ Анализ завершен. Состояние: Neutral, RSI: 45,70
2025-06-11 19:53:21,479 - INFO -   - Анализирую SNGSP на D1...
2025-06-11 19:53:21,494 - INFO -     - ✅ Анализ завершен. Состояние: Neutral, RSI: 46,92
2025-06-11 19:53:21,494 - INFO -   - Анализирую TATN на D1...
2025-06-11 19:53:21,509 - INFO -     - ✅ Анализ завершен. Состояние: Neutral, RSI: 50,40
2025-06-11 19:53:21,520 - INFO -   - Анализирую TRNFP на D1...
2025-06-11 19:53:21,542 - INFO -     - ✅ Анализ завершен. Состояние: Neutral, RSI: 47,07
2025-06-11 19:53:21,544 - INFO -   - Анализирую AFLT на D1...
2025-06-11 19:53:21,563 - INFO -     - ✅ Анализ завершен. Состояние: Neutral, RSI: 50,72
2025-06-11 19:53:21,580 - INFO -   - Анализирую GLTR на D1...
2025-06-11 19:53:21,600 - INFO -     - ✅ Анализ завершен. Состояние: Neutral, RSI: 53,96
2025-06-11 19:53:21,601 - INFO -   - Анализирую SBER на D1...
2025-06-11 19:53:21,617 - INFO -     - ✅ Анализ завершен. Состояние: Neutral, RSI: 52,38
2025-06-11 19:53:21,617 - INFO -   - Анализирую SBERP на D1...
2025-06-11 19:53:21,634 - INFO -     - ✅ Анализ завершен. Состояние: Neutral, RSI: 51,73
2025-06-11 19:53:21,635 - INFO -   - Анализирую TCSG на D1...
2025-06-11 19:53:21,651 - INFO -     - ✅ Анализ завершен. Состояние: Neutral, RSI: 54,35
2025-06-11 19:53:21,651 - INFO -   - Анализирую MOEX на D1...
2025-06-11 19:53:21,668 - INFO -     - ✅ Анализ завершен. Состояние: Neutral, RSI: 52,05
2025-06-11 19:53:21,668 - INFO -   - Анализирую AFKS на D1...
2025-06-11 19:53:21,686 - INFO -     - ✅ Анализ завершен. Состояние: Neutral, RSI: 51,38
2025-06-11 19:53:21,686 - INFO -   - Анализирую YNDX на D1...
2025-06-11 19:53:21,702 - INFO -     - ✅ Анализ завершен. Состояние: Neutral, RSI: 52,57
2025-06-11 19:53:21,702 - INFO -   - Анализирую MTSS на D1...
2025-06-11 19:53:21,726 - INFO -     - ✅ Анализ завершен. Состояние: Neutral, RSI: 53,39
2025-06-11 19:53:21,726 - INFO -   - Анализирую MGNT на D1...
2025-06-11 19:53:21,809 - INFO -     - ✅ Анализ завершен. Состояние: Neutral, RSI: 53,64
2025-06-11 19:53:21,809 - INFO -   - Анализирую FIVE на D1...
2025-06-11 19:53:21,944 - INFO -     - ✅ Анализ завершен. Состояние: Neutral, RSI: 47,28
2025-06-11 19:53:21,944 - INFO -   - Анализирую GMKN на D1...
2025-06-11 19:53:21,964 - INFO -     - ✅ Анализ завершен. Состояние: Neutral, RSI: 52,06
2025-06-11 19:53:21,964 - INFO -   - Анализирую PLZL на D1...
2025-06-11 19:53:21,983 - INFO -     - ✅ Анализ завершен. Состояние: Neutral, RSI: 54,47
2025-06-11 19:53:21,983 - INFO -   - Анализирую CHMF на D1...
2025-06-11 19:53:22,004 - INFO -     - ✅ Анализ завершен. Состояние: Neutral, RSI: 44,25
2025-06-11 19:53:22,004 - INFO -   - Анализирую PHOR на D1...
2025-06-11 19:53:22,021 - INFO -     - ✅ Анализ завершен. Состояние: Neutral, RSI: 46,42
2025-06-11 19:53:22,021 - INFO -   - Анализирую USD/RUB на D1...
2025-06-11 19:53:22,038 - INFO -     - ✅ Анализ завершен. Состояние: Neutral, RSI: 51,48
2025-06-11 19:53:22,039 - INFO -   - Анализирую CNY/RUB на D1...
2025-06-11 19:53:22,059 - INFO -     - ✅ Анализ завершен. Состояние: Neutral, RSI: 51,53
2025-06-11 19:53:22,059 - INFO -   - Анализирую EUR/RUB на D1...
2025-06-11 19:53:22,077 - INFO -     - ✅ Анализ завершен. Состояние: Neutral, RSI: 51,80
2025-06-11 19:53:22,077 - INFO -   - Анализирую USD000UTSTOM на D1...
2025-06-11 19:53:22,094 - INFO -     - ✅ Анализ завершен. Состояние: Neutral, RSI: 47,58
2025-06-11 19:53:22,094 - INFO -   - Анализирую EUR_RUB__TOM на D1...
2025-06-11 19:53:22,111 - INFO -     - ✅ Анализ завершен. Состояние: Neutral, RSI: 46,54
2025-06-11 19:53:22,111 - INFO -   - Анализирую SNGSP на H1...
2025-06-11 19:53:22,127 - INFO -     - ✅ Анализ завершен. Состояние: Neutral, RSI: 48,05
2025-06-11 19:53:22,128 - INFO -   - Анализирую AFKS на H1...
2025-06-11 19:53:22,143 - INFO -     - ✅ Анализ завершен. Состояние: Neutral, RSI: 51,70
2025-06-11 19:53:22,143 - INFO -   - Анализирую TCSG на H1...
2025-06-11 19:53:22,158 - INFO -     - ✅ Анализ завершен. Состояние: Neutral, RSI: 46,97
2025-06-11 19:53:22,158 - INFO -   - Анализирую SBER на H1...
2025-06-11 19:53:22,175 - INFO -     - ✅ Анализ завершен. Состояние: Neutral, RSI: 53,06
2025-06-11 19:53:22,176 - INFO -   - Анализирую GAZP на H1...
2025-06-11 19:53:22,193 - INFO -     - ✅ Анализ завершен. Состояние: Neutral, RSI: 52,23
2025-06-11 19:53:22,193 - INFO -   - Анализирую YNDX на H1...
2025-06-11 19:53:22,208 - INFO -     - ✅ Анализ завершен. Состояние: Neutral, RSI: 52,43
2025-06-11 19:53:22,208 - INFO -   - Анализирую NVTK на H1...
2025-06-11 19:53:22,225 - INFO -     - ✅ Анализ завершен. Состояние: Neutral, RSI: 45,43
2025-06-11 19:53:22,225 - INFO -   - Анализирую PLZL на H1...
2025-06-11 19:53:22,241 - INFO -     - ✅ Анализ завершен. Состояние: Neutral, RSI: 46,23
2025-06-11 19:53:22,241 - INFO -   - Анализирую SIBN на H1...
2025-06-11 19:53:22,258 - INFO -     - ✅ Анализ завершен. Состояние: Neutral, RSI: 48,03
2025-06-11 19:53:22,258 - INFO -   - Анализирую ROSN на H1...
2025-06-11 19:53:22,279 - INFO -     - ✅ Анализ завершен. Состояние: Neutral, RSI: 46,72
2025-06-11 19:53:22,279 - INFO -   - Анализирую FIVE на H1...
2025-06-11 19:53:22,303 - INFO -     - ✅ Анализ завершен. Состояние: Neutral, RSI: 54,75
2025-06-11 19:53:22,304 - INFO -   - Анализирую MTSS на H1...
2025-06-11 19:53:22,334 - INFO -     - ✅ Анализ завершен. Состояние: Neutral, RSI: 47,00
2025-06-11 19:53:22,345 - INFO -   - Анализирую GMKN на H1...
2025-06-11 19:53:22,365 - INFO -     - ✅ Анализ завершен. Состояние: Neutral, RSI: 72,40
2025-06-11 19:53:22,365 - INFO -   - Анализирую TRNFP на H1...
2025-06-11 19:53:22,382 - INFO -     - ✅ Анализ завершен. Состояние: Neutral, RSI: 51,00
2025-06-11 19:53:22,382 - INFO -   - Анализирую PHOR на H1...
2025-06-11 19:53:22,400 - INFO -     - ✅ Анализ завершен. Состояние: Neutral, RSI: 43,11
2025-06-11 19:53:22,400 - INFO - 
🔄 Перезаписываю лист 'Analysis' 55 строками...
2025-06-11 19:53:23,770 - INFO - ✅✅✅ УСПЕХ! Лист 'Analysis' полностью пересобран и обновлен.
2025-06-11 19:53:23,771 - INFO - --- 🏁 РАБОТА АНАЛИЗАТОРА ЗАВЕРШЕНА 🏁 ---
2025-06-11 20:11:14,053 - INFO - 
==================================================
2025-06-11 20:11:14,055 - INFO - --- 🧠 ASIPM-AI: Технический Анализатор v2.6 (Корректный) 🧠 ---
2025-06-11 20:11:14,055 - INFO - ==================================================
2025-06-11 20:11:18,691 - INFO - 🔄 Читаю конфиги и ВСЮ историю для полного пересчета...
2025-06-11 20:11:21,572 - INFO - ☑️ Найдено 55 уникальных пар (тикер/таймфрейм) для анализа.
2025-06-11 20:11:21,572 - INFO -   - Анализирую BZ=F на D1...
2025-06-11 20:11:21,655 - INFO -     - ✅ Анализ завершен. Состояние: Neutral, RSI: 52,38
2025-06-11 20:11:21,655 - INFO -   - Анализирую GC=F на D1...
2025-06-11 20:11:21,687 - INFO -     - ✅ Анализ завершен. Состояние: Proximity, RSI: 39,06
2025-06-11 20:11:21,687 - INFO -   - Анализирую ^GSPC на D1...
2025-06-11 20:11:21,724 - INFO -     - ✅ Анализ завершен. Состояние: Neutral, RSI: 52,41
2025-06-11 20:11:21,725 - INFO -   - Анализирую ^IXIC на D1...
2025-06-11 20:11:21,760 - INFO -     - ✅ Анализ завершен. Состояние: Neutral, RSI: 57,47
2025-06-11 20:11:21,760 - INFO -   - Анализирую ^FTSE на D1...
2025-06-11 20:11:21,802 - INFO -     - ✅ Анализ завершен. Состояние: Neutral, RSI: 52,57
2025-06-11 20:11:21,802 - INFO -   - Анализирую ^N225 на D1...
2025-06-11 20:11:21,839 - INFO -     - ✅ Анализ завершен. Состояние: Neutral, RSI: 58,30
2025-06-11 20:11:21,839 - INFO -   - Анализирую BTC-USD на D1...
2025-06-11 20:11:21,861 - INFO -     - ✅ Анализ завершен. Состояние: Neutral, RSI: 45,27
2025-06-11 20:11:21,861 - INFO -   - Анализирую ETH-USD на D1...
2025-06-11 20:11:21,886 - INFO -     - ✅ Анализ завершен. Состояние: Neutral, RSI: 54,25
2025-06-11 20:11:21,886 - INFO -   - Анализирую MSFT на D1...
2025-06-11 20:11:21,911 - INFO -     - ✅ Анализ завершен. Состояние: Neutral, RSI: 52,98
2025-06-11 20:11:21,911 - INFO -   - Анализирую GOOGL на D1...
2025-06-11 20:11:21,927 - INFO -     - ✅ Анализ завершен. Состояние: Neutral, RSI: 53,25
2025-06-11 20:11:21,927 - INFO -   - Анализирую AAPL на D1...
2025-06-11 20:11:21,947 - INFO -     - ✅ Анализ завершен. Состояние: Neutral, RSI: 51,23
2025-06-11 20:11:21,947 - INFO -   - Анализирую NVDA на D1...
2025-06-11 20:11:21,969 - INFO -     - ✅ Анализ завершен. Состояние: Neutral, RSI: 50,23
2025-06-11 20:11:21,970 - INFO -   - Анализирую GAZP на D1...
2025-06-11 20:11:21,993 - INFO -     - ✅ Анализ завершен. Состояние: Neutral, RSI: 52,43
2025-06-11 20:11:21,993 - INFO -   - Анализирую ROSN на D1...
2025-06-11 20:11:22,012 - INFO -     - ✅ Анализ завершен. Состояние: Neutral, RSI: 45,18
2025-06-11 20:11:22,012 - INFO -   - Анализирую SIBN на D1...
2025-06-11 20:11:22,038 - INFO -     - ✅ Анализ завершен. Состояние: Neutral, RSI: 47,79
2025-06-11 20:11:22,038 - INFO -   - Анализирую NVTK на D1...
2025-06-11 20:11:22,058 - INFO -     - ✅ Анализ завершен. Состояние: Neutral, RSI: 41,36
2025-06-11 20:11:22,058 - INFO -   - Анализирую SNGS на D1...
2025-06-11 20:11:22,084 - INFO -     - ✅ Анализ завершен. Состояние: Neutral, RSI: 45,70
2025-06-11 20:11:22,085 - INFO -   - Анализирую SNGSP на D1...
2025-06-11 20:11:22,102 - INFO -     - ✅ Анализ завершен. Состояние: Neutral, RSI: 46,92
2025-06-11 20:11:22,102 - INFO -   - Анализирую TATN на D1...
2025-06-11 20:11:22,120 - INFO -     - ✅ Анализ завершен. Состояние: Neutral, RSI: 50,40
2025-06-11 20:11:22,120 - INFO -   - Анализирую TRNFP на D1...
2025-06-11 20:11:22,145 - INFO -     - ✅ Анализ завершен. Состояние: Neutral, RSI: 47,07
2025-06-11 20:11:22,145 - INFO -   - Анализирую AFLT на D1...
2025-06-11 20:11:22,169 - INFO -     - ✅ Анализ завершен. Состояние: Neutral, RSI: 50,72
2025-06-11 20:11:22,169 - INFO -   - Анализирую GLTR на D1...
2025-06-11 20:11:22,192 - INFO -     - ✅ Анализ завершен. Состояние: Neutral, RSI: 53,96
2025-06-11 20:11:22,192 - INFO -   - Анализирую SBER на D1...
2025-06-11 20:11:22,212 - INFO -     - ✅ Анализ завершен. Состояние: Neutral, RSI: 52,38
2025-06-11 20:11:22,212 - INFO -   - Анализирую SBERP на D1...
2025-06-11 20:11:22,231 - INFO -     - ✅ Анализ завершен. Состояние: Neutral, RSI: 51,73
2025-06-11 20:11:22,231 - INFO -   - Анализирую TCSG на D1...
2025-06-11 20:11:22,256 - INFO -     - ✅ Анализ завершен. Состояние: Neutral, RSI: 54,35
2025-06-11 20:11:22,256 - INFO -   - Анализирую MOEX на D1...
2025-06-11 20:11:22,287 - INFO -     - ✅ Анализ завершен. Состояние: Neutral, RSI: 52,05
2025-06-11 20:11:22,287 - INFO -   - Анализирую AFKS на D1...
2025-06-11 20:11:22,317 - INFO -     - ✅ Анализ завершен. Состояние: Neutral, RSI: 51,38
2025-06-11 20:11:22,317 - INFO -   - Анализирую YNDX на D1...
2025-06-11 20:11:22,357 - INFO -     - ✅ Анализ завершен. Состояние: Neutral, RSI: 52,57
2025-06-11 20:11:22,357 - INFO -   - Анализирую MTSS на D1...
2025-06-11 20:11:22,384 - INFO -     - ✅ Анализ завершен. Состояние: Neutral, RSI: 53,39
2025-06-11 20:11:22,384 - INFO -   - Анализирую MGNT на D1...
2025-06-11 20:11:22,410 - INFO -     - ✅ Анализ завершен. Состояние: Neutral, RSI: 53,64
2025-06-11 20:11:22,411 - INFO -   - Анализирую FIVE на D1...
2025-06-11 20:11:22,433 - INFO -     - ✅ Анализ завершен. Состояние: Neutral, RSI: 47,28
2025-06-11 20:11:22,433 - INFO -   - Анализирую GMKN на D1...
2025-06-11 20:11:22,452 - INFO -     - ✅ Анализ завершен. Состояние: Neutral, RSI: 52,06
2025-06-11 20:11:22,452 - INFO -   - Анализирую PLZL на D1...
2025-06-11 20:11:22,470 - INFO -     - ✅ Анализ завершен. Состояние: Neutral, RSI: 54,47
2025-06-11 20:11:22,470 - INFO -   - Анализирую CHMF на D1...
2025-06-11 20:11:22,491 - INFO -     - ✅ Анализ завершен. Состояние: Neutral, RSI: 44,25
2025-06-11 20:11:22,491 - INFO -   - Анализирую PHOR на D1...
2025-06-11 20:11:22,509 - INFO -     - ✅ Анализ завершен. Состояние: Neutral, RSI: 46,42
2025-06-11 20:11:22,509 - INFO -   - Анализирую USD/RUB на D1...
2025-06-11 20:11:22,526 - INFO -     - ✅ Анализ завершен. Состояние: Neutral, RSI: 51,48
2025-06-11 20:11:22,526 - INFO -   - Анализирую CNY/RUB на D1...
2025-06-11 20:11:22,546 - INFO -     - ✅ Анализ завершен. Состояние: Neutral, RSI: 51,53
2025-06-11 20:11:22,546 - INFO -   - Анализирую EUR/RUB на D1...
2025-06-11 20:11:22,564 - INFO -     - ✅ Анализ завершен. Состояние: Neutral, RSI: 51,80
2025-06-11 20:11:22,565 - INFO -   - Анализирую USD000UTSTOM на D1...
2025-06-11 20:11:22,588 - INFO -     - ✅ Анализ завершен. Состояние: Neutral, RSI: 47,58
2025-06-11 20:11:22,588 - INFO -   - Анализирую EUR_RUB__TOM на D1...
2025-06-11 20:11:22,615 - INFO -     - ✅ Анализ завершен. Состояние: Neutral, RSI: 46,54
2025-06-11 20:11:22,615 - INFO -   - Анализирую SNGSP на H1...
2025-06-11 20:11:22,640 - INFO -     - ✅ Анализ завершен. Состояние: Neutral, RSI: 48,05
2025-06-11 20:11:22,640 - INFO -   - Анализирую AFKS на H1...
2025-06-11 20:11:22,661 - INFO -     - ✅ Анализ завершен. Состояние: Neutral, RSI: 51,70
2025-06-11 20:11:22,661 - INFO -   - Анализирую TCSG на H1...
2025-06-11 20:11:22,683 - INFO -     - ✅ Анализ завершен. Состояние: Neutral, RSI: 46,97
2025-06-11 20:11:22,684 - INFO -   - Анализирую SBER на H1...
2025-06-11 20:11:22,704 - INFO -     - ✅ Анализ завершен. Состояние: Neutral, RSI: 53,06
2025-06-11 20:11:22,704 - INFO -   - Анализирую GAZP на H1...
2025-06-11 20:11:22,723 - INFO -     - ✅ Анализ завершен. Состояние: Neutral, RSI: 52,23
2025-06-11 20:11:22,723 - INFO -   - Анализирую YNDX на H1...
2025-06-11 20:11:22,747 - INFO -     - ✅ Анализ завершен. Состояние: Neutral, RSI: 52,43
2025-06-11 20:11:22,747 - INFO -   - Анализирую NVTK на H1...
2025-06-11 20:11:22,762 - INFO -     - ✅ Анализ завершен. Состояние: Neutral, RSI: 45,43
2025-06-11 20:11:22,762 - INFO -   - Анализирую PLZL на H1...
2025-06-11 20:11:22,782 - INFO -     - ✅ Анализ завершен. Состояние: Neutral, RSI: 46,23
2025-06-11 20:11:22,783 - INFO -   - Анализирую SIBN на H1...
2025-06-11 20:11:22,800 - INFO -     - ✅ Анализ завершен. Состояние: Neutral, RSI: 48,03
2025-06-11 20:11:22,801 - INFO -   - Анализирую ROSN на H1...
2025-06-11 20:11:22,816 - INFO -     - ✅ Анализ завершен. Состояние: Neutral, RSI: 46,72
2025-06-11 20:11:22,816 - INFO -   - Анализирую FIVE на H1...
2025-06-11 20:11:22,838 - INFO -     - ✅ Анализ завершен. Состояние: Neutral, RSI: 54,75
2025-06-11 20:11:22,838 - INFO -   - Анализирую MTSS на H1...
2025-06-11 20:11:22,855 - INFO -     - ✅ Анализ завершен. Состояние: Neutral, RSI: 47,00
2025-06-11 20:11:22,855 - INFO -   - Анализирую GMKN на H1...
2025-06-11 20:11:22,872 - INFO -     - ✅ Анализ завершен. Состояние: Neutral, RSI: 72,40
2025-06-11 20:11:22,872 - INFO -   - Анализирую TRNFP на H1...
2025-06-11 20:11:22,895 - INFO -     - ✅ Анализ завершен. Состояние: Neutral, RSI: 51,00
2025-06-11 20:11:22,896 - INFO -   - Анализирую PHOR на H1...
2025-06-11 20:11:22,912 - INFO -     - ✅ Анализ завершен. Состояние: Neutral, RSI: 43,11
2025-06-11 20:11:22,912 - INFO - 
🔄 Перезаписываю лист 'Analysis' 55 строками...
2025-06-11 20:11:23,959 - INFO - ✅✅✅ УСПЕХ! Лист 'Analysis' полностью пересобран и обновлен.
2025-06-11 20:11:23,959 - INFO - --- 🏁 РАБОТА АНАЛИЗАТОРА ЗАВЕРШЕНА 🏁 ---
2025-06-11 20:32:26,832 - INFO - 
==================================================
2025-06-11 20:32:26,835 - INFO - --- 🧠 ASIPM-AI: Технический Анализатор v2.6 (Стабильный) 🧠 ---
2025-06-11 20:32:26,835 - INFO - ==================================================
2025-06-11 20:32:31,751 - INFO - 🔄 Читаю конфиги и ВСЮ историю для полного пересчета...
2025-06-11 20:32:34,591 - INFO - ☑️ Найдено 55 уникальных пар (тикер/таймфрейм) для анализа.
2025-06-11 20:32:34,592 - INFO -   - Анализирую BZ=F на D1...
2025-06-11 20:32:34,615 - INFO -     - ✅ Анализ завершен. Состояние: Neutral, RSI: 52,38
2025-06-11 20:32:34,615 - INFO -   - Анализирую GC=F на D1...
2025-06-11 20:32:34,632 - INFO -     - ✅ Анализ завершен. Состояние: Proximity, RSI: 39,06
2025-06-11 20:32:34,633 - INFO -   - Анализирую ^GSPC на D1...
2025-06-11 20:32:34,648 - INFO -     - ✅ Анализ завершен. Состояние: Neutral, RSI: 52,41
2025-06-11 20:32:34,648 - INFO -   - Анализирую ^IXIC на D1...
2025-06-11 20:32:34,667 - INFO -     - ✅ Анализ завершен. Состояние: Neutral, RSI: 57,47
2025-06-11 20:32:34,668 - INFO -   - Анализирую ^FTSE на D1...
2025-06-11 20:32:34,684 - INFO -     - ✅ Анализ завершен. Состояние: Neutral, RSI: 52,57
2025-06-11 20:32:34,684 - INFO -   - Анализирую ^N225 на D1...
2025-06-11 20:32:34,699 - INFO -     - ✅ Анализ завершен. Состояние: Neutral, RSI: 58,30
2025-06-11 20:32:34,699 - INFO -   - Анализирую BTC-USD на D1...
2025-06-11 20:32:34,717 - INFO -     - ✅ Анализ завершен. Состояние: Neutral, RSI: 45,27
2025-06-11 20:32:34,717 - INFO -   - Анализирую ETH-USD на D1...
2025-06-11 20:32:34,733 - INFO -     - ✅ Анализ завершен. Состояние: Neutral, RSI: 54,25
2025-06-11 20:32:34,733 - INFO -   - Анализирую MSFT на D1...
2025-06-11 20:32:34,751 - INFO -     - ✅ Анализ завершен. Состояние: Neutral, RSI: 52,98
2025-06-11 20:32:34,751 - INFO -   - Анализирую GOOGL на D1...
2025-06-11 20:32:34,766 - INFO -     - ✅ Анализ завершен. Состояние: Neutral, RSI: 53,25
2025-06-11 20:32:34,766 - INFO -   - Анализирую AAPL на D1...
2025-06-11 20:32:34,783 - INFO -     - ✅ Анализ завершен. Состояние: Neutral, RSI: 51,23
2025-06-11 20:32:34,783 - INFO -   - Анализирую NVDA на D1...
2025-06-11 20:32:34,798 - INFO -     - ✅ Анализ завершен. Состояние: Neutral, RSI: 50,23
2025-06-11 20:32:34,798 - INFO -   - Анализирую GAZP на D1...
2025-06-11 20:32:34,815 - INFO -     - ✅ Анализ завершен. Состояние: Neutral, RSI: 52,43
2025-06-11 20:32:34,815 - INFO -   - Анализирую ROSN на D1...
2025-06-11 20:32:34,830 - INFO -     - ✅ Анализ завершен. Состояние: Neutral, RSI: 45,18
2025-06-11 20:32:34,831 - INFO -   - Анализирую SIBN на D1...
2025-06-11 20:32:34,845 - INFO -     - ✅ Анализ завершен. Состояние: Neutral, RSI: 47,79
2025-06-11 20:32:34,845 - INFO -   - Анализирую NVTK на D1...
2025-06-11 20:32:34,864 - INFO -     - ✅ Анализ завершен. Состояние: Neutral, RSI: 41,36
2025-06-11 20:32:34,864 - INFO -   - Анализирую SNGS на D1...
2025-06-11 20:32:34,880 - INFO -     - ✅ Анализ завершен. Состояние: Neutral, RSI: 45,70
2025-06-11 20:32:34,880 - INFO -   - Анализирую SNGSP на D1...
2025-06-11 20:32:34,895 - INFO -     - ✅ Анализ завершен. Состояние: Neutral, RSI: 46,92
2025-06-11 20:32:34,895 - INFO -   - Анализирую TATN на D1...
2025-06-11 20:32:34,912 - INFO -     - ✅ Анализ завершен. Состояние: Neutral, RSI: 50,40
2025-06-11 20:32:34,912 - INFO -   - Анализирую TRNFP на D1...
2025-06-11 20:32:34,929 - INFO -     - ✅ Анализ завершен. Состояние: Neutral, RSI: 47,06
2025-06-11 20:32:34,929 - INFO -   - Анализирую AFLT на D1...
2025-06-11 20:32:34,944 - INFO -     - ✅ Анализ завершен. Состояние: Neutral, RSI: 50,72
2025-06-11 20:32:34,944 - INFO -   - Анализирую GLTR на D1...
2025-06-11 20:32:34,960 - INFO -     - ✅ Анализ завершен. Состояние: Neutral, RSI: 53,96
2025-06-11 20:32:34,961 - INFO -   - Анализирую SBER на D1...
2025-06-11 20:32:34,976 - INFO -     - ✅ Анализ завершен. Состояние: Neutral, RSI: 52,38
2025-06-11 20:32:34,977 - INFO -   - Анализирую SBERP на D1...
2025-06-11 20:32:34,991 - INFO -     - ✅ Анализ завершен. Состояние: Neutral, RSI: 51,73
2025-06-11 20:32:34,991 - INFO -   - Анализирую TCSG на D1...
2025-06-11 20:32:35,007 - INFO -     - ✅ Анализ завершен. Состояние: Neutral, RSI: 54,35
2025-06-11 20:32:35,007 - INFO -   - Анализирую MOEX на D1...
2025-06-11 20:32:35,024 - INFO -     - ✅ Анализ завершен. Состояние: Neutral, RSI: 52,05
2025-06-11 20:32:35,024 - INFO -   - Анализирую AFKS на D1...
2025-06-11 20:32:35,040 - INFO -     - ✅ Анализ завершен. Состояние: Neutral, RSI: 51,38
2025-06-11 20:32:35,040 - INFO -   - Анализирую YNDX на D1...
2025-06-11 20:32:35,061 - INFO -     - ✅ Анализ завершен. Состояние: Neutral, RSI: 52,57
2025-06-11 20:32:35,061 - INFO -   - Анализирую MTSS на D1...
2025-06-11 20:32:35,078 - INFO -     - ✅ Анализ завершен. Состояние: Neutral, RSI: 53,39
2025-06-11 20:32:35,079 - INFO -   - Анализирую MGNT на D1...
2025-06-11 20:32:35,094 - INFO -     - ✅ Анализ завершен. Состояние: Neutral, RSI: 53,64
2025-06-11 20:32:35,094 - INFO -   - Анализирую FIVE на D1...
2025-06-11 20:32:35,110 - INFO -     - ✅ Анализ завершен. Состояние: Neutral, RSI: 47,28
2025-06-11 20:32:35,110 - INFO -   - Анализирую GMKN на D1...
2025-06-11 20:32:35,127 - INFO -     - ✅ Анализ завершен. Состояние: Neutral, RSI: 52,06
2025-06-11 20:32:35,127 - INFO -   - Анализирую PLZL на D1...
2025-06-11 20:32:35,142 - INFO -     - ✅ Анализ завершен. Состояние: Neutral, RSI: 54,47
2025-06-11 20:32:35,143 - INFO -   - Анализирую CHMF на D1...
2025-06-11 20:32:35,158 - INFO -     - ✅ Анализ завершен. Состояние: Neutral, RSI: 44,25
2025-06-11 20:32:35,159 - INFO -   - Анализирую PHOR на D1...
2025-06-11 20:32:35,174 - INFO -     - ✅ Анализ завершен. Состояние: Neutral, RSI: 46,42
2025-06-11 20:32:35,175 - INFO -   - Анализирую USD/RUB на D1...
2025-06-11 20:32:35,190 - INFO -     - ✅ Анализ завершен. Состояние: Neutral, RSI: 51,48
2025-06-11 20:32:35,190 - INFO -   - Анализирую CNY/RUB на D1...
2025-06-11 20:32:35,207 - INFO -     - ✅ Анализ завершен. Состояние: Neutral, RSI: 51,53
2025-06-11 20:32:35,208 - INFO -   - Анализирую EUR/RUB на D1...
2025-06-11 20:32:35,226 - INFO -     - ✅ Анализ завершен. Состояние: Neutral, RSI: 51,80
2025-06-11 20:32:35,226 - INFO -   - Анализирую USD000UTSTOM на D1...
2025-06-11 20:32:35,241 - INFO -     - ✅ Анализ завершен. Состояние: Neutral, RSI: 47,58
2025-06-11 20:32:35,242 - INFO -   - Анализирую EUR_RUB__TOM на D1...
2025-06-11 20:32:35,257 - INFO -     - ✅ Анализ завершен. Состояние: Neutral, RSI: 46,54
2025-06-11 20:32:35,258 - INFO -   - Анализирую SNGSP на H1...
2025-06-11 20:32:35,273 - INFO -     - ✅ Анализ завершен. Состояние: Neutral, RSI: 48,05
2025-06-11 20:32:35,274 - INFO -   - Анализирую AFKS на H1...
2025-06-11 20:32:35,288 - INFO -     - ✅ Анализ завершен. Состояние: Neutral, RSI: 51,70
2025-06-11 20:32:35,288 - INFO -   - Анализирую TCSG на H1...
2025-06-11 20:32:35,304 - INFO -     - ✅ Анализ завершен. Состояние: Neutral, RSI: 46,97
2025-06-11 20:32:35,304 - INFO -   - Анализирую SBER на H1...
2025-06-11 20:32:35,320 - INFO -     - ✅ Анализ завершен. Состояние: Neutral, RSI: 53,06
2025-06-11 20:32:35,321 - INFO -   - Анализирую GAZP на H1...
2025-06-11 20:32:35,336 - INFO -     - ✅ Анализ завершен. Состояние: Neutral, RSI: 52,23
2025-06-11 20:32:35,336 - INFO -   - Анализирую YNDX на H1...
2025-06-11 20:32:35,353 - INFO -     - ✅ Анализ завершен. Состояние: Neutral, RSI: 52,43
2025-06-11 20:32:35,353 - INFO -   - Анализирую NVTK на H1...
2025-06-11 20:32:35,368 - INFO -     - ✅ Анализ завершен. Состояние: Neutral, RSI: 45,43
2025-06-11 20:32:35,369 - INFO -   - Анализирую PLZL на H1...
2025-06-11 20:32:35,383 - INFO -     - ✅ Анализ завершен. Состояние: Neutral, RSI: 46,23
2025-06-11 20:32:35,383 - INFO -   - Анализирую SIBN на H1...
2025-06-11 20:32:35,399 - INFO -     - ✅ Анализ завершен. Состояние: Neutral, RSI: 48,03
2025-06-11 20:32:35,399 - INFO -   - Анализирую ROSN на H1...
2025-06-11 20:32:35,415 - INFO -     - ✅ Анализ завершен. Состояние: Neutral, RSI: 46,72
2025-06-11 20:32:35,415 - INFO -   - Анализирую FIVE на H1...
2025-06-11 20:32:35,430 - INFO -     - ✅ Анализ завершен. Состояние: Neutral, RSI: 54,75
2025-06-11 20:32:35,430 - INFO -   - Анализирую MTSS на H1...
2025-06-11 20:32:35,446 - INFO -     - ✅ Анализ завершен. Состояние: Neutral, RSI: 47,00
2025-06-11 20:32:35,446 - INFO -   - Анализирую GMKN на H1...
2025-06-11 20:32:35,462 - INFO -     - ✅ Анализ завершен. Состояние: Neutral, RSI: 72,40
2025-06-11 20:32:35,462 - INFO -   - Анализирую TRNFP на H1...
2025-06-11 20:32:35,478 - INFO -     - ✅ Анализ завершен. Состояние: Neutral, RSI: 51,00
2025-06-11 20:32:35,478 - INFO -   - Анализирую PHOR на H1...
2025-06-11 20:32:35,494 - INFO -     - ✅ Анализ завершен. Состояние: Neutral, RSI: 43,11
2025-06-11 20:32:35,494 - INFO - 
🔄 Перезаписываю лист 'Analysis' 55 строками...
2025-06-11 20:32:36,509 - INFO - ✅✅✅ УСПЕХ! Лист 'Analysis' полностью пересобран и обновлен.
2025-06-11 20:32:36,510 - INFO - --- 🏁 РАБОТА АНАЛИЗАТОРА ЗАВЕРШЕНА 🏁 ---
2025-06-11 20:47:05,770 - INFO - 
==================================================
2025-06-11 20:47:05,771 - INFO - --- 🧠 ASIPM-AI: Технический Анализатор v2.7 (Корректный) 🧠 ---
2025-06-11 20:47:05,771 - INFO - ==================================================
2025-06-11 20:47:10,029 - INFO - 🔄 Читаю конфиги и ВСЮ историю для полного пересчета...
2025-06-11 20:47:13,453 - INFO - ☑️ Найдено 55 уникальных пар (тикер/таймфрейм) для анализа.
2025-06-11 20:47:13,453 - INFO -   - Анализирую BZ=F на D1...
2025-06-11 20:47:13,472 - INFO -     - ✅ Анализ завершен. Состояние: Neutral, RSI: 52,38
2025-06-11 20:47:13,472 - INFO -   - Анализирую GC=F на D1...
2025-06-11 20:47:13,487 - INFO -     - ✅ Анализ завершен. Состояние: Proximity, RSI: 39,06
2025-06-11 20:47:13,488 - INFO -   - Анализирую ^GSPC на D1...
2025-06-11 20:47:13,504 - INFO -     - ✅ Анализ завершен. Состояние: Neutral, RSI: 52,41
2025-06-11 20:47:13,504 - INFO -   - Анализирую ^IXIC на D1...
2025-06-11 20:47:13,524 - INFO -     - ✅ Анализ завершен. Состояние: Neutral, RSI: 57,47
2025-06-11 20:47:13,524 - INFO -   - Анализирую ^FTSE на D1...
2025-06-11 20:47:13,541 - INFO -     - ✅ Анализ завершен. Состояние: Neutral, RSI: 52,57
2025-06-11 20:47:13,541 - INFO -   - Анализирую ^N225 на D1...
2025-06-11 20:47:13,560 - INFO -     - ✅ Анализ завершен. Состояние: Neutral, RSI: 58,30
2025-06-11 20:47:13,560 - INFO -   - Анализирую BTC-USD на D1...
2025-06-11 20:47:13,577 - INFO -     - ✅ Анализ завершен. Состояние: Neutral, RSI: 45,27
2025-06-11 20:47:13,577 - INFO -   - Анализирую ETH-USD на D1...
2025-06-11 20:47:13,599 - INFO -     - ✅ Анализ завершен. Состояние: Neutral, RSI: 54,25
2025-06-11 20:47:13,600 - INFO -   - Анализирую MSFT на D1...
2025-06-11 20:47:13,620 - INFO -     - ✅ Анализ завершен. Состояние: Neutral, RSI: 52,98
2025-06-11 20:47:13,620 - INFO -   - Анализирую GOOGL на D1...
2025-06-11 20:47:13,642 - INFO -     - ✅ Анализ завершен. Состояние: Neutral, RSI: 53,25
2025-06-11 20:47:13,642 - INFO -   - Анализирую AAPL на D1...
2025-06-11 20:47:13,658 - INFO -     - ✅ Анализ завершен. Состояние: Neutral, RSI: 51,23
2025-06-11 20:47:13,659 - INFO -   - Анализирую NVDA на D1...
2025-06-11 20:47:13,676 - INFO -     - ✅ Анализ завершен. Состояние: Neutral, RSI: 50,23
2025-06-11 20:47:13,676 - INFO -   - Анализирую GAZP на D1...
2025-06-11 20:47:13,696 - INFO -     - ✅ Анализ завершен. Состояние: Neutral, RSI: 52,43
2025-06-11 20:47:13,696 - INFO -   - Анализирую ROSN на D1...
2025-06-11 20:47:13,712 - INFO -     - ✅ Анализ завершен. Состояние: Neutral, RSI: 45,18
2025-06-11 20:47:13,712 - INFO -   - Анализирую SIBN на D1...
2025-06-11 20:47:13,729 - INFO -     - ✅ Анализ завершен. Состояние: Neutral, RSI: 47,79
2025-06-11 20:47:13,729 - INFO -   - Анализирую NVTK на D1...
2025-06-11 20:47:13,745 - INFO -     - ✅ Анализ завершен. Состояние: Neutral, RSI: 41,36
2025-06-11 20:47:13,745 - INFO -   - Анализирую SNGS на D1...
2025-06-11 20:47:13,761 - INFO -     - ✅ Анализ завершен. Состояние: Neutral, RSI: 45,70
2025-06-11 20:47:13,761 - INFO -   - Анализирую SNGSP на D1...
2025-06-11 20:47:13,778 - INFO -     - ✅ Анализ завершен. Состояние: Neutral, RSI: 46,92
2025-06-11 20:47:13,778 - INFO -   - Анализирую TATN на D1...
2025-06-11 20:47:13,793 - INFO -     - ✅ Анализ завершен. Состояние: Neutral, RSI: 50,40
2025-06-11 20:47:13,793 - INFO -   - Анализирую TRNFP на D1...
2025-06-11 20:47:13,810 - INFO -     - ✅ Анализ завершен. Состояние: Neutral, RSI: 47,06
2025-06-11 20:47:13,811 - INFO -   - Анализирую AFLT на D1...
2025-06-11 20:47:13,828 - INFO -     - ✅ Анализ завершен. Состояние: Neutral, RSI: 50,72
2025-06-11 20:47:13,828 - INFO -   - Анализирую GLTR на D1...
2025-06-11 20:47:13,844 - INFO -     - ✅ Анализ завершен. Состояние: Neutral, RSI: 53,96
2025-06-11 20:47:13,844 - INFO -   - Анализирую SBER на D1...
2025-06-11 20:47:13,860 - INFO -     - ✅ Анализ завершен. Состояние: Neutral, RSI: 52,38
2025-06-11 20:47:13,860 - INFO -   - Анализирую SBERP на D1...
2025-06-11 20:47:13,877 - INFO -     - ✅ Анализ завершен. Состояние: Neutral, RSI: 51,73
2025-06-11 20:47:13,877 - INFO -   - Анализирую TCSG на D1...
2025-06-11 20:47:13,895 - INFO -     - ✅ Анализ завершен. Состояние: Neutral, RSI: 54,35
2025-06-11 20:47:13,895 - INFO -   - Анализирую MOEX на D1...
2025-06-11 20:47:13,912 - INFO -     - ✅ Анализ завершен. Состояние: Neutral, RSI: 52,05
2025-06-11 20:47:13,912 - INFO -   - Анализирую AFKS на D1...
2025-06-11 20:47:13,929 - INFO -     - ✅ Анализ завершен. Состояние: Neutral, RSI: 51,38
2025-06-11 20:47:13,929 - INFO -   - Анализирую YNDX на D1...
2025-06-11 20:47:13,945 - INFO -     - ✅ Анализ завершен. Состояние: Neutral, RSI: 52,57
2025-06-11 20:47:13,946 - INFO -   - Анализирую MTSS на D1...
2025-06-11 20:47:13,963 - INFO -     - ✅ Анализ завершен. Состояние: Neutral, RSI: 53,39
2025-06-11 20:47:13,963 - INFO -   - Анализирую MGNT на D1...
2025-06-11 20:47:13,978 - INFO -     - ✅ Анализ завершен. Состояние: Neutral, RSI: 53,64
2025-06-11 20:47:13,978 - INFO -   - Анализирую FIVE на D1...
2025-06-11 20:47:13,994 - INFO -     - ✅ Анализ завершен. Состояние: Neutral, RSI: 47,28
2025-06-11 20:47:13,994 - INFO -   - Анализирую GMKN на D1...
2025-06-11 20:47:14,011 - INFO -     - ✅ Анализ завершен. Состояние: Neutral, RSI: 52,06
2025-06-11 20:47:14,011 - INFO -   - Анализирую PLZL на D1...
2025-06-11 20:47:14,026 - INFO -     - ✅ Анализ завершен. Состояние: Neutral, RSI: 54,47
2025-06-11 20:47:14,026 - INFO -   - Анализирую CHMF на D1...
2025-06-11 20:47:14,042 - INFO -     - ✅ Анализ завершен. Состояние: Neutral, RSI: 44,25
2025-06-11 20:47:14,042 - INFO -   - Анализирую PHOR на D1...
2025-06-11 20:47:14,063 - INFO -     - ✅ Анализ завершен. Состояние: Neutral, RSI: 46,42
2025-06-11 20:47:14,063 - INFO -   - Анализирую USD/RUB на D1...
2025-06-11 20:47:14,079 - INFO -     - ✅ Анализ завершен. Состояние: Neutral, RSI: 51,48
2025-06-11 20:47:14,079 - INFO -   - Анализирую CNY/RUB на D1...
2025-06-11 20:47:14,098 - INFO -     - ✅ Анализ завершен. Состояние: Neutral, RSI: 51,53
2025-06-11 20:47:14,098 - INFO -   - Анализирую EUR/RUB на D1...
2025-06-11 20:47:14,116 - INFO -     - ✅ Анализ завершен. Состояние: Neutral, RSI: 51,80
2025-06-11 20:47:14,116 - INFO -   - Анализирую USD000UTSTOM на D1...
2025-06-11 20:47:14,134 - INFO -     - ✅ Анализ завершен. Состояние: Neutral, RSI: 47,58
2025-06-11 20:47:14,134 - INFO -   - Анализирую EUR_RUB__TOM на D1...
2025-06-11 20:47:14,151 - INFO -     - ✅ Анализ завершен. Состояние: Neutral, RSI: 46,54
2025-06-11 20:47:14,151 - INFO -   - Анализирую SNGSP на H1...
2025-06-11 20:47:14,166 - INFO -     - ✅ Анализ завершен. Состояние: Neutral, RSI: 48,05
2025-06-11 20:47:14,166 - INFO -   - Анализирую AFKS на H1...
2025-06-11 20:47:14,185 - INFO -     - ✅ Анализ завершен. Состояние: Neutral, RSI: 51,70
2025-06-11 20:47:14,185 - INFO -   - Анализирую TCSG на H1...
2025-06-11 20:47:14,204 - INFO -     - ✅ Анализ завершен. Состояние: Neutral, RSI: 46,97
2025-06-11 20:47:14,204 - INFO -   - Анализирую SBER на H1...
2025-06-11 20:47:14,220 - INFO -     - ✅ Анализ завершен. Состояние: Neutral, RSI: 53,06
2025-06-11 20:47:14,220 - INFO -   - Анализирую GAZP на H1...
2025-06-11 20:47:14,237 - INFO -     - ✅ Анализ завершен. Состояние: Neutral, RSI: 52,23
2025-06-11 20:47:14,237 - INFO -   - Анализирую YNDX на H1...
2025-06-11 20:47:14,253 - INFO -     - ✅ Анализ завершен. Состояние: Neutral, RSI: 52,43
2025-06-11 20:47:14,254 - INFO -   - Анализирую NVTK на H1...
2025-06-11 20:47:14,274 - INFO -     - ✅ Анализ завершен. Состояние: Neutral, RSI: 45,43
2025-06-11 20:47:14,274 - INFO -   - Анализирую PLZL на H1...
2025-06-11 20:47:14,292 - INFO -     - ✅ Анализ завершен. Состояние: Neutral, RSI: 46,23
2025-06-11 20:47:14,292 - INFO -   - Анализирую SIBN на H1...
2025-06-11 20:47:14,308 - INFO -     - ✅ Анализ завершен. Состояние: Neutral, RSI: 48,03
2025-06-11 20:47:14,308 - INFO -   - Анализирую ROSN на H1...
2025-06-11 20:47:14,323 - INFO -     - ✅ Анализ завершен. Состояние: Neutral, RSI: 46,72
2025-06-11 20:47:14,324 - INFO -   - Анализирую FIVE на H1...
2025-06-11 20:47:14,340 - INFO -     - ✅ Анализ завершен. Состояние: Neutral, RSI: 54,75
2025-06-11 20:47:14,340 - INFO -   - Анализирую MTSS на H1...
2025-06-11 20:47:14,355 - INFO -     - ✅ Анализ завершен. Состояние: Neutral, RSI: 47,00
2025-06-11 20:47:14,355 - INFO -   - Анализирую GMKN на H1...
2025-06-11 20:47:14,371 - INFO -     - ✅ Анализ завершен. Состояние: Neutral, RSI: 72,40
2025-06-11 20:47:14,371 - INFO -   - Анализирую TRNFP на H1...
2025-06-11 20:47:14,387 - INFO -     - ✅ Анализ завершен. Состояние: Neutral, RSI: 51,00
2025-06-11 20:47:14,387 - INFO -   - Анализирую PHOR на H1...
2025-06-11 20:47:14,403 - INFO -     - ✅ Анализ завершен. Состояние: Neutral, RSI: 43,11
2025-06-11 20:47:14,403 - INFO - 
🔄 Перезаписываю лист 'Analysis' 55 строками...
2025-06-11 20:47:15,205 - INFO - ✅✅✅ УСПЕХ! Лист 'Analysis' полностью пересобран и обновлен.
2025-06-11 20:47:15,206 - INFO - --- 🏁 РАБОТА АНАЛИЗАТОРА ЗАВЕРШЕНА 🏁 ---
2025-06-11 20:49:30,496 - INFO - 
==================================================
2025-06-11 20:49:30,497 - INFO - --- 🧠 ASIPM-AI: Технический Анализатор v2.7 (Корректный) 🧠 ---
2025-06-11 20:49:30,497 - INFO - ==================================================
2025-06-11 20:49:34,976 - INFO - 🔄 Читаю конфиги и ВСЮ историю для полного пересчета...
2025-06-11 20:49:38,291 - INFO - ☑️ Найдено 55 уникальных пар (тикер/таймфрейм) для анализа.
2025-06-11 20:49:38,291 - INFO -   - Анализирую BZ=F на D1...
2025-06-11 20:49:38,315 - INFO -     - ✅ Анализ завершен. Состояние: Neutral, RSI: 52,38
2025-06-11 20:49:38,315 - INFO -   - Анализирую GC=F на D1...
2025-06-11 20:49:38,341 - INFO -     - ✅ Анализ завершен. Состояние: Proximity, RSI: 39,06
2025-06-11 20:49:38,341 - INFO -   - Анализирую ^GSPC на D1...
2025-06-11 20:49:38,363 - INFO -     - ✅ Анализ завершен. Состояние: Neutral, RSI: 52,41
2025-06-11 20:49:38,364 - INFO -   - Анализирую ^IXIC на D1...
2025-06-11 20:49:38,390 - INFO -     - ✅ Анализ завершен. Состояние: Neutral, RSI: 57,47
2025-06-11 20:49:38,390 - INFO -   - Анализирую ^FTSE на D1...
2025-06-11 20:49:38,416 - INFO -     - ✅ Анализ завершен. Состояние: Neutral, RSI: 52,57
2025-06-11 20:49:38,417 - INFO -   - Анализирую ^N225 на D1...
2025-06-11 20:49:38,439 - INFO -     - ✅ Анализ завершен. Состояние: Neutral, RSI: 58,30
2025-06-11 20:49:38,440 - INFO -   - Анализирую BTC-USD на D1...
2025-06-11 20:49:38,462 - INFO -     - ✅ Анализ завершен. Состояние: Neutral, RSI: 45,27
2025-06-11 20:49:38,462 - INFO -   - Анализирую ETH-USD на D1...
2025-06-11 20:49:38,484 - INFO -     - ✅ Анализ завершен. Состояние: Neutral, RSI: 54,25
2025-06-11 20:49:38,484 - INFO -   - Анализирую MSFT на D1...
2025-06-11 20:49:38,508 - INFO -     - ✅ Анализ завершен. Состояние: Neutral, RSI: 52,98
2025-06-11 20:49:38,508 - INFO -   - Анализирую GOOGL на D1...
2025-06-11 20:49:38,530 - INFO -     - ✅ Анализ завершен. Состояние: Neutral, RSI: 53,25
2025-06-11 20:49:38,531 - INFO -   - Анализирую AAPL на D1...
2025-06-11 20:49:38,552 - INFO -     - ✅ Анализ завершен. Состояние: Neutral, RSI: 51,23
2025-06-11 20:49:38,552 - INFO -   - Анализирую NVDA на D1...
2025-06-11 20:49:38,575 - INFO -     - ✅ Анализ завершен. Состояние: Neutral, RSI: 50,23
2025-06-11 20:49:38,575 - INFO -   - Анализирую GAZP на D1...
2025-06-11 20:49:38,599 - INFO -     - ✅ Анализ завершен. Состояние: Neutral, RSI: 52,43
2025-06-11 20:49:38,599 - INFO -   - Анализирую ROSN на D1...
2025-06-11 20:49:38,628 - INFO -     - ✅ Анализ завершен. Состояние: Neutral, RSI: 45,18
2025-06-11 20:49:38,629 - INFO -   - Анализирую SIBN на D1...
2025-06-11 20:49:38,656 - INFO -     - ✅ Анализ завершен. Состояние: Neutral, RSI: 47,79
2025-06-11 20:49:38,657 - INFO -   - Анализирую NVTK на D1...
2025-06-11 20:49:38,679 - INFO -     - ✅ Анализ завершен. Состояние: Neutral, RSI: 41,36
2025-06-11 20:49:38,679 - INFO -   - Анализирую SNGS на D1...
2025-06-11 20:49:38,701 - INFO -     - ✅ Анализ завершен. Состояние: Neutral, RSI: 45,70
2025-06-11 20:49:38,701 - INFO -   - Анализирую SNGSP на D1...
2025-06-11 20:49:38,722 - INFO -     - ✅ Анализ завершен. Состояние: Neutral, RSI: 46,92
2025-06-11 20:49:38,722 - INFO -   - Анализирую TATN на D1...
2025-06-11 20:49:38,785 - INFO -     - ✅ Анализ завершен. Состояние: Neutral, RSI: 50,40
2025-06-11 20:49:38,785 - INFO -   - Анализирую TRNFP на D1...
2025-06-11 20:49:38,822 - INFO -     - ✅ Анализ завершен. Состояние: Neutral, RSI: 47,06
2025-06-11 20:49:38,822 - INFO -   - Анализирую AFLT на D1...
2025-06-11 20:49:38,873 - INFO -     - ✅ Анализ завершен. Состояние: Neutral, RSI: 50,72
2025-06-11 20:49:38,873 - INFO -   - Анализирую GLTR на D1...
2025-06-11 20:49:38,915 - INFO -     - ✅ Анализ завершен. Состояние: Neutral, RSI: 53,96
2025-06-11 20:49:38,915 - INFO -   - Анализирую SBER на D1...
2025-06-11 20:49:38,943 - INFO -     - ✅ Анализ завершен. Состояние: Neutral, RSI: 52,38
2025-06-11 20:49:38,944 - INFO -   - Анализирую SBERP на D1...
2025-06-11 20:49:38,967 - INFO -     - ✅ Анализ завершен. Состояние: Neutral, RSI: 51,73
2025-06-11 20:49:38,967 - INFO -   - Анализирую TCSG на D1...
2025-06-11 20:49:38,990 - INFO -     - ✅ Анализ завершен. Состояние: Neutral, RSI: 54,35
2025-06-11 20:49:38,990 - INFO -   - Анализирую MOEX на D1...
2025-06-11 20:49:39,013 - INFO -     - ✅ Анализ завершен. Состояние: Neutral, RSI: 52,05
2025-06-11 20:49:39,014 - INFO -   - Анализирую AFKS на D1...
2025-06-11 20:49:39,038 - INFO -     - ✅ Анализ завершен. Состояние: Neutral, RSI: 51,38
2025-06-11 20:49:39,038 - INFO -   - Анализирую YNDX на D1...
2025-06-11 20:49:39,060 - INFO -     - ✅ Анализ завершен. Состояние: Neutral, RSI: 52,57
2025-06-11 20:49:39,061 - INFO -   - Анализирую MTSS на D1...
2025-06-11 20:49:39,082 - INFO -     - ✅ Анализ завершен. Состояние: Neutral, RSI: 53,39
2025-06-11 20:49:39,083 - INFO -   - Анализирую MGNT на D1...
2025-06-11 20:49:39,105 - INFO -     - ✅ Анализ завершен. Состояние: Neutral, RSI: 53,64
2025-06-11 20:49:39,106 - INFO -   - Анализирую FIVE на D1...
2025-06-11 20:49:39,128 - INFO -     - ✅ Анализ завершен. Состояние: Neutral, RSI: 47,28
2025-06-11 20:49:39,128 - INFO -   - Анализирую GMKN на D1...
2025-06-11 20:49:39,150 - INFO -     - ✅ Анализ завершен. Состояние: Neutral, RSI: 52,06
2025-06-11 20:49:39,151 - INFO -   - Анализирую PLZL на D1...
2025-06-11 20:49:39,172 - INFO -     - ✅ Анализ завершен. Состояние: Neutral, RSI: 54,47
2025-06-11 20:49:39,172 - INFO -   - Анализирую CHMF на D1...
2025-06-11 20:49:39,194 - INFO -     - ✅ Анализ завершен. Состояние: Neutral, RSI: 44,25
2025-06-11 20:49:39,195 - INFO -   - Анализирую PHOR на D1...
2025-06-11 20:49:39,216 - INFO -     - ✅ Анализ завершен. Состояние: Neutral, RSI: 46,42
2025-06-11 20:49:39,216 - INFO -   - Анализирую USD/RUB на D1...
2025-06-11 20:49:39,236 - INFO -     - ✅ Анализ завершен. Состояние: Neutral, RSI: 51,48
2025-06-11 20:49:39,236 - INFO -   - Анализирую CNY/RUB на D1...
2025-06-11 20:49:39,258 - INFO -     - ✅ Анализ завершен. Состояние: Neutral, RSI: 51,53
2025-06-11 20:49:39,258 - INFO -   - Анализирую EUR/RUB на D1...
2025-06-11 20:49:39,282 - INFO -     - ✅ Анализ завершен. Состояние: Neutral, RSI: 51,80
2025-06-11 20:49:39,282 - INFO -   - Анализирую USD000UTSTOM на D1...
2025-06-11 20:49:39,304 - INFO -     - ✅ Анализ завершен. Состояние: Neutral, RSI: 47,58
2025-06-11 20:49:39,304 - INFO -   - Анализирую EUR_RUB__TOM на D1...
2025-06-11 20:49:39,324 - INFO -     - ✅ Анализ завершен. Состояние: Neutral, RSI: 46,54
2025-06-11 20:49:39,325 - INFO -   - Анализирую SNGSP на H1...
2025-06-11 20:49:39,347 - INFO -     - ✅ Анализ завершен. Состояние: Neutral, RSI: 48,05
2025-06-11 20:49:39,347 - INFO -   - Анализирую AFKS на H1...
2025-06-11 20:49:39,369 - INFO -     - ✅ Анализ завершен. Состояние: Neutral, RSI: 51,70
2025-06-11 20:49:39,369 - INFO -   - Анализирую TCSG на H1...
2025-06-11 20:49:39,392 - INFO -     - ✅ Анализ завершен. Состояние: Neutral, RSI: 46,97
2025-06-11 20:49:39,392 - INFO -   - Анализирую SBER на H1...
2025-06-11 20:49:39,420 - INFO -     - ✅ Анализ завершен. Состояние: Neutral, RSI: 53,06
2025-06-11 20:49:39,420 - INFO -   - Анализирую GAZP на H1...
2025-06-11 20:49:39,471 - INFO -     - ✅ Анализ завершен. Состояние: Neutral, RSI: 52,23
2025-06-11 20:49:39,472 - INFO -   - Анализирую YNDX на H1...
2025-06-11 20:49:39,507 - INFO -     - ✅ Анализ завершен. Состояние: Neutral, RSI: 52,43
2025-06-11 20:49:39,508 - INFO -   - Анализирую NVTK на H1...
2025-06-11 20:49:39,570 - INFO -     - ✅ Анализ завершен. Состояние: Neutral, RSI: 45,43
2025-06-11 20:49:39,570 - INFO -   - Анализирую PLZL на H1...
2025-06-11 20:49:39,618 - INFO -     - ✅ Анализ завершен. Состояние: Neutral, RSI: 46,23
2025-06-11 20:49:39,618 - INFO -   - Анализирую SIBN на H1...
2025-06-11 20:49:39,656 - INFO -     - ✅ Анализ завершен. Состояние: Neutral, RSI: 48,03
2025-06-11 20:49:39,656 - INFO -   - Анализирую ROSN на H1...
2025-06-11 20:49:39,694 - INFO -     - ✅ Анализ завершен. Состояние: Neutral, RSI: 46,72
2025-06-11 20:49:39,695 - INFO -   - Анализирую FIVE на H1...
2025-06-11 20:49:39,747 - INFO -     - ✅ Анализ завершен. Состояние: Neutral, RSI: 54,75
2025-06-11 20:49:39,747 - INFO -   - Анализирую MTSS на H1...
2025-06-11 20:49:39,780 - INFO -     - ✅ Анализ завершен. Состояние: Neutral, RSI: 47,00
2025-06-11 20:49:39,781 - INFO -   - Анализирую GMKN на H1...
2025-06-11 20:49:39,830 - INFO -     - ✅ Анализ завершен. Состояние: Neutral, RSI: 72,40
2025-06-11 20:49:39,830 - INFO -   - Анализирую TRNFP на H1...
2025-06-11 20:49:39,863 - INFO -     - ✅ Анализ завершен. Состояние: Neutral, RSI: 51,00
2025-06-11 20:49:39,864 - INFO -   - Анализирую PHOR на H1...
2025-06-11 20:49:39,905 - INFO -     - ✅ Анализ завершен. Состояние: Neutral, RSI: 43,11
2025-06-11 20:49:39,905 - INFO - 
🔄 Перезаписываю лист 'Analysis' 55 строками...
2025-06-11 20:49:41,289 - INFO - ✅✅✅ УСПЕХ! Лист 'Analysis' полностью пересобран и обновлен.
2025-06-11 20:49:41,289 - INFO - --- 🏁 РАБОТА АНАЛИЗАТОРА ЗАВЕРШЕНА 🏁 ---
2025-06-11 20:49:50,379 - INFO - 
==================================================
2025-06-11 20:49:50,379 - INFO - --- 🧠 ASIPM-AI: Технический Анализатор v2.7 (Корректный) 🧠 ---
2025-06-11 20:49:50,379 - INFO - ==================================================
2025-06-11 20:49:54,421 - INFO - 🔄 Читаю конфиги и ВСЮ историю для полного пересчета...
2025-06-11 20:49:57,050 - INFO - ☑️ Найдено 55 уникальных пар (тикер/таймфрейм) для анализа.
2025-06-11 20:49:57,050 - INFO -   - Анализирую BZ=F на D1...
2025-06-11 20:49:57,071 - INFO -     - ✅ Анализ завершен. Состояние: Neutral, RSI: 52,38
2025-06-11 20:49:57,071 - INFO -   - Анализирую GC=F на D1...
2025-06-11 20:49:57,091 - INFO -     - ✅ Анализ завершен. Состояние: Proximity, RSI: 39,06
2025-06-11 20:49:57,091 - INFO -   - Анализирую ^GSPC на D1...
2025-06-11 20:49:57,109 - INFO -     - ✅ Анализ завершен. Состояние: Neutral, RSI: 52,41
2025-06-11 20:49:57,109 - INFO -   - Анализирую ^IXIC на D1...
2025-06-11 20:49:57,125 - INFO -     - ✅ Анализ завершен. Состояние: Neutral, RSI: 57,47
2025-06-11 20:49:57,125 - INFO -   - Анализирую ^FTSE на D1...
2025-06-11 20:49:57,143 - INFO -     - ✅ Анализ завершен. Состояние: Neutral, RSI: 52,57
2025-06-11 20:49:57,143 - INFO -   - Анализирую ^N225 на D1...
2025-06-11 20:49:57,158 - INFO -     - ✅ Анализ завершен. Состояние: Neutral, RSI: 58,30
2025-06-11 20:49:57,159 - INFO -   - Анализирую BTC-USD на D1...
2025-06-11 20:49:57,175 - INFO -     - ✅ Анализ завершен. Состояние: Neutral, RSI: 45,27
2025-06-11 20:49:57,175 - INFO -   - Анализирую ETH-USD на D1...
2025-06-11 20:49:57,191 - INFO -     - ✅ Анализ завершен. Состояние: Neutral, RSI: 54,25
2025-06-11 20:49:57,191 - INFO -   - Анализирую MSFT на D1...
2025-06-11 20:49:57,208 - INFO -     - ✅ Анализ завершен. Состояние: Neutral, RSI: 52,98
2025-06-11 20:49:57,209 - INFO -   - Анализирую GOOGL на D1...
2025-06-11 20:49:57,224 - INFO -     - ✅ Анализ завершен. Состояние: Neutral, RSI: 53,25
2025-06-11 20:49:57,224 - INFO -   - Анализирую AAPL на D1...
2025-06-11 20:49:57,241 - INFO -     - ✅ Анализ завершен. Состояние: Neutral, RSI: 51,23
2025-06-11 20:49:57,241 - INFO -   - Анализирую NVDA на D1...
2025-06-11 20:49:57,257 - INFO -     - ✅ Анализ завершен. Состояние: Neutral, RSI: 50,23
2025-06-11 20:49:57,257 - INFO -   - Анализирую GAZP на D1...
2025-06-11 20:49:57,272 - INFO -     - ✅ Анализ завершен. Состояние: Neutral, RSI: 52,43
2025-06-11 20:49:57,272 - INFO -   - Анализирую ROSN на D1...
2025-06-11 20:49:57,288 - INFO -     - ✅ Анализ завершен. Состояние: Neutral, RSI: 45,18
2025-06-11 20:49:57,288 - INFO -   - Анализирую SIBN на D1...
2025-06-11 20:49:57,304 - INFO -     - ✅ Анализ завершен. Состояние: Neutral, RSI: 47,79
2025-06-11 20:49:57,304 - INFO -   - Анализирую NVTK на D1...
2025-06-11 20:49:57,318 - INFO -     - ✅ Анализ завершен. Состояние: Neutral, RSI: 41,36
2025-06-11 20:49:57,319 - INFO -   - Анализирую SNGS на D1...
2025-06-11 20:49:57,334 - INFO -     - ✅ Анализ завершен. Состояние: Neutral, RSI: 45,70
2025-06-11 20:49:57,335 - INFO -   - Анализирую SNGSP на D1...
2025-06-11 20:49:57,350 - INFO -     - ✅ Анализ завершен. Состояние: Neutral, RSI: 46,92
2025-06-11 20:49:57,350 - INFO -   - Анализирую TATN на D1...
2025-06-11 20:49:57,365 - INFO -     - ✅ Анализ завершен. Состояние: Neutral, RSI: 50,40
2025-06-11 20:49:57,365 - INFO -   - Анализирую TRNFP на D1...
2025-06-11 20:49:57,382 - INFO -     - ✅ Анализ завершен. Состояние: Neutral, RSI: 47,06
2025-06-11 20:49:57,382 - INFO -   - Анализирую AFLT на D1...
2025-06-11 20:49:57,399 - INFO -     - ✅ Анализ завершен. Состояние: Neutral, RSI: 50,72
2025-06-11 20:49:57,399 - INFO -   - Анализирую GLTR на D1...
2025-06-11 20:49:57,414 - INFO -     - ✅ Анализ завершен. Состояние: Neutral, RSI: 53,96
2025-06-11 20:49:57,414 - INFO -   - Анализирую SBER на D1...
2025-06-11 20:49:57,431 - INFO -     - ✅ Анализ завершен. Состояние: Neutral, RSI: 52,38
2025-06-11 20:49:57,431 - INFO -   - Анализирую SBERP на D1...
2025-06-11 20:49:57,447 - INFO -     - ✅ Анализ завершен. Состояние: Neutral, RSI: 51,73
2025-06-11 20:49:57,447 - INFO -   - Анализирую TCSG на D1...
2025-06-11 20:49:57,463 - INFO -     - ✅ Анализ завершен. Состояние: Neutral, RSI: 54,35
2025-06-11 20:49:57,463 - INFO -   - Анализирую MOEX на D1...
2025-06-11 20:49:57,480 - INFO -     - ✅ Анализ завершен. Состояние: Neutral, RSI: 52,05
2025-06-11 20:49:57,480 - INFO -   - Анализирую AFKS на D1...
2025-06-11 20:49:57,497 - INFO -     - ✅ Анализ завершен. Состояние: Neutral, RSI: 51,38
2025-06-11 20:49:57,497 - INFO -   - Анализирую YNDX на D1...
2025-06-11 20:49:57,512 - INFO -     - ✅ Анализ завершен. Состояние: Neutral, RSI: 52,57
2025-06-11 20:49:57,512 - INFO -   - Анализирую MTSS на D1...
2025-06-11 20:49:57,529 - INFO -     - ✅ Анализ завершен. Состояние: Neutral, RSI: 53,39
2025-06-11 20:49:57,530 - INFO -   - Анализирую MGNT на D1...
2025-06-11 20:49:57,545 - INFO -     - ✅ Анализ завершен. Состояние: Neutral, RSI: 53,64
2025-06-11 20:49:57,545 - INFO -   - Анализирую FIVE на D1...
2025-06-11 20:49:57,561 - INFO -     - ✅ Анализ завершен. Состояние: Neutral, RSI: 47,28
2025-06-11 20:49:57,561 - INFO -   - Анализирую GMKN на D1...
2025-06-11 20:49:57,579 - INFO -     - ✅ Анализ завершен. Состояние: Neutral, RSI: 52,06
2025-06-11 20:49:57,579 - INFO -   - Анализирую PLZL на D1...
2025-06-11 20:49:57,596 - INFO -     - ✅ Анализ завершен. Состояние: Neutral, RSI: 54,47
2025-06-11 20:49:57,596 - INFO -   - Анализирую CHMF на D1...
2025-06-11 20:49:57,611 - INFO -     - ✅ Анализ завершен. Состояние: Neutral, RSI: 44,25
2025-06-11 20:49:57,612 - INFO -   - Анализирую PHOR на D1...
2025-06-11 20:49:57,629 - INFO -     - ✅ Анализ завершен. Состояние: Neutral, RSI: 46,42
2025-06-11 20:49:57,629 - INFO -   - Анализирую USD/RUB на D1...
2025-06-11 20:49:57,646 - INFO -     - ✅ Анализ завершен. Состояние: Neutral, RSI: 51,48
2025-06-11 20:49:57,646 - INFO -   - Анализирую CNY/RUB на D1...
2025-06-11 20:49:57,661 - INFO -     - ✅ Анализ завершен. Состояние: Neutral, RSI: 51,53
2025-06-11 20:49:57,662 - INFO -   - Анализирую EUR/RUB на D1...
2025-06-11 20:49:57,678 - INFO -     - ✅ Анализ завершен. Состояние: Neutral, RSI: 51,80
2025-06-11 20:49:57,679 - INFO -   - Анализирую USD000UTSTOM на D1...
2025-06-11 20:49:57,695 - INFO -     - ✅ Анализ завершен. Состояние: Neutral, RSI: 47,58
2025-06-11 20:49:57,695 - INFO -   - Анализирую EUR_RUB__TOM на D1...
2025-06-11 20:49:57,710 - INFO -     - ✅ Анализ завершен. Состояние: Neutral, RSI: 46,54
2025-06-11 20:49:57,710 - INFO -   - Анализирую SNGSP на H1...
2025-06-11 20:49:57,726 - INFO -     - ✅ Анализ завершен. Состояние: Neutral, RSI: 48,05
2025-06-11 20:49:57,727 - INFO -   - Анализирую AFKS на H1...
2025-06-11 20:49:57,743 - INFO -     - ✅ Анализ завершен. Состояние: Neutral, RSI: 51,70
2025-06-11 20:49:57,743 - INFO -   - Анализирую TCSG на H1...
2025-06-11 20:49:57,758 - INFO -     - ✅ Анализ завершен. Состояние: Neutral, RSI: 46,97
2025-06-11 20:49:57,758 - INFO -   - Анализирую SBER на H1...
2025-06-11 20:49:57,773 - INFO -     - ✅ Анализ завершен. Состояние: Neutral, RSI: 53,06
2025-06-11 20:49:57,773 - INFO -   - Анализирую GAZP на H1...
2025-06-11 20:49:57,790 - INFO -     - ✅ Анализ завершен. Состояние: Neutral, RSI: 52,23
2025-06-11 20:49:57,790 - INFO -   - Анализирую YNDX на H1...
2025-06-11 20:49:57,808 - INFO -     - ✅ Анализ завершен. Состояние: Neutral, RSI: 52,43
2025-06-11 20:49:57,808 - INFO -   - Анализирую NVTK на H1...
2025-06-11 20:49:57,825 - INFO -     - ✅ Анализ завершен. Состояние: Neutral, RSI: 45,43
2025-06-11 20:49:57,826 - INFO -   - Анализирую PLZL на H1...
2025-06-11 20:49:57,842 - INFO -     - ✅ Анализ завершен. Состояние: Neutral, RSI: 46,23
2025-06-11 20:49:57,842 - INFO -   - Анализирую SIBN на H1...
2025-06-11 20:49:57,858 - INFO -     - ✅ Анализ завершен. Состояние: Neutral, RSI: 48,03
2025-06-11 20:49:57,858 - INFO -   - Анализирую ROSN на H1...
2025-06-11 20:49:57,875 - INFO -     - ✅ Анализ завершен. Состояние: Neutral, RSI: 46,72
2025-06-11 20:49:57,875 - INFO -   - Анализирую FIVE на H1...
2025-06-11 20:49:57,892 - INFO -     - ✅ Анализ завершен. Состояние: Neutral, RSI: 54,75
2025-06-11 20:49:57,892 - INFO -   - Анализирую MTSS на H1...
2025-06-11 20:49:57,909 - INFO -     - ✅ Анализ завершен. Состояние: Neutral, RSI: 47,00
2025-06-11 20:49:57,909 - INFO -   - Анализирую GMKN на H1...
2025-06-11 20:49:57,926 - INFO -     - ✅ Анализ завершен. Состояние: Neutral, RSI: 72,40
2025-06-11 20:49:57,926 - INFO -   - Анализирую TRNFP на H1...
2025-06-11 20:49:57,941 - INFO -     - ✅ Анализ завершен. Состояние: Neutral, RSI: 51,00
2025-06-11 20:49:57,941 - INFO -   - Анализирую PHOR на H1...
2025-06-11 20:49:57,958 - INFO -     - ✅ Анализ завершен. Состояние: Neutral, RSI: 43,11
2025-06-11 20:49:57,958 - INFO - 
🔄 Перезаписываю лист 'Analysis' 55 строками...
2025-06-11 20:49:59,296 - INFO - ✅✅✅ УСПЕХ! Лист 'Analysis' полностью пересобран и обновлен.
2025-06-11 20:49:59,297 - INFO - --- 🏁 РАБОТА АНАЛИЗАТОРА ЗАВЕРШЕНА 🏁 ---
2025-06-11 20:57:25,071 - INFO - 
==================================================
2025-06-11 20:57:25,073 - INFO - --- 🧠 ASIPM-AI: Технический Анализатор v2.7 (Корректный) 🧠 ---
2025-06-11 20:57:25,073 - INFO - ==================================================
2025-06-11 20:57:29,873 - INFO - 🔄 Читаю конфиги и ВСЮ историю для полного пересчета...
2025-06-11 20:57:31,938 - INFO - ☑️ Найдено 28 уникальных пар (тикер/таймфрейм) для анализа.
2025-06-11 20:57:31,939 - INFO -   - Анализирую GAZP на D1...
2025-06-11 20:57:31,961 - INFO -     - ✅ Анализ завершен. Состояние: Neutral, RSI: 52,23
2025-06-11 20:57:31,961 - INFO -   - Анализирую ROSN на D1...
2025-06-11 20:57:31,977 - INFO -     - ✅ Анализ завершен. Состояние: Neutral, RSI: 46,72
2025-06-11 20:57:31,978 - INFO -   - Анализирую SIBN на D1...
2025-06-11 20:57:31,997 - INFO -     - ✅ Анализ завершен. Состояние: Neutral, RSI: 48,03
2025-06-11 20:57:31,997 - INFO -   - Анализирую NVTK на D1...
2025-06-11 20:57:32,014 - INFO -     - ✅ Анализ завершен. Состояние: Neutral, RSI: 45,43
2025-06-11 20:57:32,014 - INFO -   - Анализирую SNGS на D1...
2025-06-11 20:57:32,029 - INFO -     - ✅ Анализ завершен. Состояние: Neutral, RSI: 46,19
2025-06-11 20:57:32,029 - INFO -   - Анализирую SNGSP на D1...
2025-06-11 20:57:32,044 - INFO -     - ✅ Анализ завершен. Состояние: Neutral, RSI: 48,05
2025-06-11 20:57:32,044 - INFO -   - Анализирую TATN на D1...
2025-06-11 20:57:32,060 - INFO -     - ✅ Анализ завершен. Состояние: Neutral, RSI: 51,66
2025-06-11 20:57:32,060 - INFO -   - Анализирую TRNFP на D1...
2025-06-11 20:57:32,076 - INFO -     - ✅ Анализ завершен. Состояние: Neutral, RSI: 51,00
2025-06-11 20:57:32,076 - INFO -   - Анализирую AFLT на D1...
2025-06-11 20:57:32,091 - INFO -     - ✅ Анализ завершен. Состояние: Neutral, RSI: 51,07
2025-06-11 20:57:32,091 - INFO -   - Анализирую GLTR на D1...
2025-06-11 20:57:32,103 - INFO -     - ✅ Анализ завершен. Состояние: Neutral, RSI: 52,53
2025-06-11 20:57:32,103 - INFO -   - Анализирую SBER на D1...
2025-06-11 20:57:32,118 - INFO -     - ✅ Анализ завершен. Состояние: Neutral, RSI: 53,06
2025-06-11 20:57:32,118 - INFO -   - Анализирую SBERP на D1...
2025-06-11 20:57:32,132 - INFO -     - ✅ Анализ завершен. Состояние: Neutral, RSI: 52,13
2025-06-11 20:57:32,133 - INFO -   - Анализирую TCSG на D1...
2025-06-11 20:57:32,145 - INFO -     - ✅ Анализ завершен. Состояние: Neutral, RSI: 46,97
2025-06-11 20:57:32,145 - INFO -   - Анализирую MOEX на D1...
2025-06-11 20:57:32,160 - INFO -     - ✅ Анализ завершен. Состояние: Neutral, RSI: 52,19
2025-06-11 20:57:32,160 - INFO -   - Анализирую AFKS на D1...
2025-06-11 20:57:32,173 - INFO -     - ✅ Анализ завершен. Состояние: Neutral, RSI: 51,70
2025-06-11 20:57:32,173 - INFO -   - Анализирую YNDX на D1...
2025-06-11 20:57:32,188 - INFO -     - ✅ Анализ завершен. Состояние: Neutral, RSI: 52,43
2025-06-11 20:57:32,188 - INFO -   - Анализирую MTSS на D1...
2025-06-11 20:57:32,203 - INFO -     - ✅ Анализ завершен. Состояние: Neutral, RSI: 47,00
2025-06-11 20:57:32,203 - INFO -   - Анализирую MGNT на D1...
2025-06-11 20:57:32,218 - INFO -     - ✅ Анализ завершен. Состояние: Neutral, RSI: 47,98
2025-06-11 20:57:32,218 - INFO -   - Анализирую FIVE на D1...
2025-06-11 20:57:32,232 - INFO -     - ✅ Анализ завершен. Состояние: Neutral, RSI: 54,75
2025-06-11 20:57:32,232 - INFO -   - Анализирую GMKN на D1...
2025-06-11 20:57:32,247 - INFO -     - ✅ Анализ завершен. Состояние: Neutral, RSI: 72,40
2025-06-11 20:57:32,247 - INFO -   - Анализирую PLZL на D1...
2025-06-11 20:57:32,261 - INFO -     - ✅ Анализ завершен. Состояние: Neutral, RSI: 46,23
2025-06-11 20:57:32,261 - INFO -   - Анализирую CHMF на D1...
2025-06-11 20:57:32,275 - INFO -     - ✅ Анализ завершен. Состояние: Neutral, RSI: 41,70
2025-06-11 20:57:32,275 - INFO -   - Анализирую PHOR на D1...
2025-06-11 20:57:32,289 - INFO -     - ✅ Анализ завершен. Состояние: Neutral, RSI: 43,11
2025-06-11 20:57:32,289 - INFO -   - Анализирую USD/RUB на D1...
2025-06-11 20:57:32,304 - INFO -     - ✅ Анализ завершен. Состояние: Neutral, RSI: 51,48
2025-06-11 20:57:32,304 - INFO -   - Анализирую CNY/RUB на D1...
2025-06-11 20:57:32,318 - INFO -     - ✅ Анализ завершен. Состояние: Neutral, RSI: 51,53
2025-06-11 20:57:32,318 - INFO -   - Анализирую EUR/RUB на D1...
2025-06-11 20:57:32,332 - INFO -     - ✅ Анализ завершен. Состояние: Neutral, RSI: 51,80
2025-06-11 20:57:32,332 - INFO -   - Анализирую USD000UTSTOM на D1...
2025-06-11 20:57:32,346 - INFO -     - ✅ Анализ завершен. Состояние: Neutral, RSI: 54,96
2025-06-11 20:57:32,346 - INFO -   - Анализирую EUR_RUB__TOM на D1...
2025-06-11 20:57:32,360 - INFO -     - ✅ Анализ завершен. Состояние: Neutral, RSI: 53,22
2025-06-11 20:57:32,360 - INFO - 
🔄 Перезаписываю лист 'Analysis' 28 строками...
2025-06-11 20:57:33,596 - INFO - ✅✅✅ УСПЕХ! Лист 'Analysis' полностью пересобран и обновлен.
2025-06-11 20:57:33,596 - INFO - --- 🏁 РАБОТА АНАЛИЗАТОРА ЗАВЕРШЕНА 🏁 ---
